GROUP,PACKAGE,CLASS,INSTRUCTION_MISSED,INSTRUCTION_COVERED,BRANCH_MISSED,BRANCH_COVERED,LINE_MISSED,LINE_COVERED,COMPLEXITY_MISSED,COMPLEXITY_COVERED,METHOD_MISSED,METHOD_COVERED
FinTrack Coverage Report/user-service,com.fintrack.user.security,JwtAuthFilter,64,0,2,0,12,0,5,0,4,0
FinTrack Coverage Report/user-service,com.fintrack.user.security,JwtTokenProvider,0,121,0,4,0,31,0,10,0,8
FinTrack Coverage Report/user-service,com.fintrack.user.security,JwtTokenProvider.IssuedToken,0,9,0,0,0,1,0,1,0,1
FinTrack Coverage Report/user-service,com.fintrack.user.mapper,UserMapperImpl,4,84,2,2,2,20,2,3,0,3
FinTrack Coverage Report/user-service,com.fintrack.user.mapper,UserMapper,0,12,0,2,0,2,0,2,0,1
FinTrack Coverage Report/user-service,com.fintrack.user.service,AuthService,0,184,0,8,0,41,0,10,0,6
FinTrack Coverage Report/user-service,com.fintrack.user.service,UserService,0,99,0,4,0,13,0,10,0,8
FinTrack Coverage Report/user-service,com.fintrack.user.controller,AuthController,0,10,0,0,0,2,0,2,0,2
FinTrack Coverage Report/user-service,com.fintrack.user.controller,UserController,0,23,0,0,0,5,0,4,0,4
FinTrack Coverage Report/user-service,com.fintrack.user.exception,GlobalExceptionHandler,0,108,0,0,0,29,0,6,0,6
FinTrack Coverage Report/user-service,com.fintrack.user.exception,InvalidCredentialsException,0,6,0,0,0,2,0,1,0,1
FinTrack Coverage Report/user-service,com.fintrack.user.exception,UsernameAlreadyExistsException,0,7,0,0,0,2,0,1,0,1
FinTrack Coverage Report/user-service,com.fintrack.user.exception,EmailAlreadyExistsException,0,7,0,0,0,2,0,1,0,1
FinTrack Coverage Report/user-service,com.fintrack.user.exception,ApiException,0,10,0,0,0,4,0,1,0,1
FinTrack Coverage Report/user-service,com.fintrack.user.exception,UserNotFoundException,0,7,0,0,0,2,0,1,0,1
FinTrack Coverage Report/user-service,com.fintrack.user.messaging,KafkaMessagingStrategy,31,0,0,0,5,0,3,0,3,0
FinTrack Coverage Report/user-service,com.fintrack.user.messaging,RabbitMqMessagingStrategy,41,0,0,0,9,0,4,0,4,0
FinTrack Coverage Report/user-service,com.fintrack.user.messaging,MessagingStrategyRegistry,0,58,0,2,0,13,0,6,0,5
FinTrack Coverage Report/account-service,com.fintrack.account.exception,AccountNotFoundException,0,7,0,0,0,2,0,1,0,1
FinTrack Coverage Report/account-service,com.fintrack.account.exception,InsufficientFundsException,0,7,0,0,0,2,0,1,0,1
FinTrack Coverage Report/account-service,com.fintrack.account.exception,ApiException,0,10,0,0,0,4,0,1,0,1
FinTrack Coverage Report/account-service,com.fintrack.account.exception,AccountFrozenException,0,7,0,0,0,2,0,1,0,1
FinTrack Coverage Report/account-service,com.fintrack.account.exception,GlobalExceptionHandler,0,71,0,0,0,18,0,4,0,4
FinTrack Coverage Report/account-service,com.fintrack.account.controller,AccountController,25,5,0,0,4,1,4,1,4,1
FinTrack Coverage Report/account-service,com.fintrack.account.strategy.interest,InterestStrategyRegistry,0,68,0,4,0,15,0,7,0,5
FinTrack Coverage Report/account-service,com.fintrack.account.strategy.interest,TieredInterestStrategy.Tier,0,24,0,0,0,7,0,7,0,7
FinTrack Coverage Report/account-service,com.fintrack.account.strategy.interest,CompoundInterestStrategy,0,37,0,0,0,9,0,4,0,4
FinTrack Coverage Report/account-service,com.fintrack.account.strategy.interest,TieredInterestStrategy,0,65,0,4,0,12,0,9,0,7
FinTrack Coverage Report/account-service,com.fintrack.account.strategy.interest,FlatInterestStrategy,0,27,0,0,0,6,0,3,0,3
FinTrack Coverage Report/account-service,com.fintrack.account.mapper,AccountMapperImpl,0,71,0,4,0,19,0,5,0,3
FinTrack Coverage Report/account-service,com.fintrack.account.messaging,MessagingStrategyRegistry,0,52,0,2,0,12,0,5,0,4
FinTrack Coverage Report/account-service,com.fintrack.account.messaging,KafkaMessagingStrategy,19,0,0,0,5,0,3,0,3,0
FinTrack Coverage Report/account-service,com.fintrack.account.messaging,RabbitMqMessagingStrategy,29,0,0,0,9,0,4,0,4,0
FinTrack Coverage Report/account-service,com.fintrack.account.saga,TransactionInitiatedConsumer,0,129,0,0,0,32,0,3,0,3
FinTrack Coverage Report/account-service,com.fintrack.account.saga,UserRegisteredConsumer,20,0,0,0,4,0,2,0,2,0
FinTrack Coverage Report/account-service,com.fintrack.account.saga,TransactionFailedConsumer,0,45,0,2,0,8,0,3,0,2
FinTrack Coverage Report/account-service,com.fintrack.account.security,JwtTokenProvider,0,57,0,4,0,11,0,7,0,5
FinTrack Coverage Report/account-service,com.fintrack.account.security,JwtAuthFilter,49,0,2,0,9,0,4,0,3,0
FinTrack Coverage Report/account-service,com.fintrack.account.service,AccountService,10,485,0,30,0,96,2,31,2,16
FinTrack Coverage Report/transaction-service,com.fintrack.transaction.controller,TransactionController,0,28,0,0,0,5,0,4,0,4
FinTrack Coverage Report/transaction-service,com.fintrack.transaction.saga,TransactionCompletedConsumer,33,0,0,0,5,0,3,0,3,0
FinTrack Coverage Report/transaction-service,com.fintrack.transaction.saga,TransactionInitiatedConsumer,25,0,0,0,4,0,2,0,2,0
FinTrack Coverage Report/transaction-service,com.fintrack.transaction.saga,AccountDebitedConsumer,47,0,0,0,10,0,2,0,2,0
FinTrack Coverage Report/transaction-service,com.fintrack.transaction.saga,TransactionFailedConsumer,49,0,2,0,9,0,3,0,2,0
FinTrack Coverage Report/transaction-service,com.fintrack.transaction.strategy.fee,BillPaymentFeeStrategy,0,14,0,0,0,6,0,4,0,4
FinTrack Coverage Report/transaction-service,com.fintrack.transaction.strategy.fee,ZeroFeeStrategy,0,10,0,0,0,4,0,4,0,4
FinTrack Coverage Report/transaction-service,com.fintrack.transaction.strategy.fee,FeeStrategyRegistry,7,131,2,14,0,25,2,12,0,6
FinTrack Coverage Report/transaction-service,com.fintrack.transaction.strategy.fee,DomesticFeeStrategy,0,28,0,0,0,8,0,4,0,4
FinTrack Coverage Report/transaction-service,com.fintrack.transaction.strategy.fee,ATMWithdrawalFeeStrategy,0,26,0,2,0,7,0,5,0,4
FinTrack Coverage Report/transaction-service,com.fintrack.transaction.strategy.fee,InternationalFeeStrategy,0,28,0,0,0,8,0,4,0,4
FinTrack Coverage Report/transaction-service,com.fintrack.transaction.security,JwtAuthFilter,49,0,2,0,9,0,4,0,3,0
FinTrack Coverage Report/transaction-service,com.fintrack.transaction.security,JwtTokenProvider,0,57,0,4,0,11,0,7,0,5
FinTrack Coverage Report/transaction-service,com.fintrack.transaction.risk,RiskLevel,0,51,0,2,0,10,0,5,0,4
FinTrack Coverage Report/transaction-service,com.fintrack.transaction.risk,RiskRuleRegistry,0,241,6,40,0,43,6,30,0,13
FinTrack Coverage Report/transaction-service,com.fintrack.transaction.risk,RiskScore,0,101,0,14,0,28,0,13,0,6
FinTrack Coverage Report/transaction-service,com.fintrack.transaction.risk,RiskEngine,12,128,0,4,5,24,1,7,1,5
FinTrack Coverage Report/transaction-service,com.fintrack.transaction.mapper,TransactionMapperImpl,72,0,2,0,17,0,3,0,2,0
FinTrack Coverage Report/transaction-service,com.fintrack.transaction.service,TransactionService,8,596,4,22,0,152,5,25,1,16
FinTrack Coverage Report/transaction-service,com.fintrack.transaction.service,FeeService,2,87,2,2,0,21,2,4,0,4
FinTrack Coverage Report/transaction-service,com.fintrack.transaction.exception,TransactionNotFoundException,0,7,0,0,0,2,0,1,0,1
FinTrack Coverage Report/transaction-service,com.fintrack.transaction.exception,InvalidTransactionException,0,6,0,0,0,2,0,1,0,1
FinTrack Coverage Report/transaction-service,com.fintrack.transaction.exception,ApiException,0,10,0,0,0,4,0,1,0,1
FinTrack Coverage Report/transaction-service,com.fintrack.transaction.exception,GlobalExceptionHandler,0,71,0,0,0,18,0,4,0,4
FinTrack Coverage Report/transaction-service,com.fintrack.transaction.messaging,MessagingStrategyRegistry,0,52,0,2,0,12,0,5,0,4
FinTrack Coverage Report/transaction-service,com.fintrack.transaction.messaging,KafkaMessagingStrategy,19,0,0,0,5,0,3,0,3,0
FinTrack Coverage Report/transaction-service,com.fintrack.transaction.messaging,RabbitMqMessagingStrategy,29,0,0,0,9,0,4,0,4,0
FinTrack Coverage Report/notification-service,com.fintrack.notification.saga,TransactionCompletedConsumer,0,57,0,0,0,16,0,2,0,2
FinTrack Coverage Report/notification-service,com.fintrack.notification.saga,AccountCreatedConsumer,0,47,0,0,0,13,0,2,0,2
FinTrack Coverage Report/notification-service,com.fintrack.notification.saga,NotificationRequestedConsumer,0,63,0,0,0,13,0,2,0,2
FinTrack Coverage Report/notification-service,com.fintrack.notification.saga,TransactionFailedConsumer,0,58,0,0,0,16,0,2,0,2
FinTrack Coverage Report/notification-service,com.fintrack.notification.saga,UserRegisteredConsumer,0,39,0,0,0,10,0,2,0,2
FinTrack Coverage Report/notification-service,com.fintrack.notification.messaging,KafkaMessagingStrategy,19,0,0,0,5,0,3,0,3,0
FinTrack Coverage Report/notification-service,com.fintrack.notification.messaging,RabbitMqMessagingStrategy,29,0,0,0,9,0,4,0,4,0
FinTrack Coverage Report/notification-service,com.fintrack.notification.messaging,MessagingStrategyRegistry,0,52,0,2,0,12,0,5,0,4
FinTrack Coverage Report/notification-service,com.fintrack.notification.exception,GlobalExceptionHandler,0,71,0,0,0,18,0,4,0,4
FinTrack Coverage Report/notification-service,com.fintrack.notification.exception,ApiException,0,10,0,0,0,4,0,1,0,1
FinTrack Coverage Report/notification-service,com.fintrack.notification.exception,NotificationNotFoundException,0,7,0,0,0,2,0,1,0,1
FinTrack Coverage Report/notification-service,com.fintrack.notification.strategy.channel,EmailNotificationStrategy,0,72,0,4,0,13,0,5,0,3
FinTrack Coverage Report/notification-service,com.fintrack.notification.strategy.channel,PushNotificationStrategy,0,70,0,6,0,11,0,8,0,5
FinTrack Coverage Report/notification-service,com.fintrack.notification.strategy.channel,NotificationStrategyContext,35,62,5,7,5,12,4,6,1,3
FinTrack Coverage Report/notification-service,com.fintrack.notification.strategy.channel,SMSNotificationStrategy,9,75,1,1,2,13,1,5,0,5
FinTrack Coverage Report/notification-service,com.fintrack.notification.controller,NotificationController,59,5,0,0,15,1,5,1,5,1
FinTrack Coverage Report/notification-service,com.fintrack.notification.service,NotificationService,8,298,3,16,0,59,3,23,0,16
FinTrack Coverage Report/notification-service,com.fintrack.notification.mapper,NotificationMapperImpl,0,72,0,2,0,17,0,3,0,2
FinTrack Coverage Report/notification-service,com.fintrack.notification.security,JwtAuthFilter,49,0,2,0,9,0,4,0,3,0
FinTrack Coverage Report/notification-service,com.fintrack.notification.security,JwtTokenProvider,0,57,0,4,0,11,0,7,0,5
FinTrack Coverage Report/api-gateway,com.fintrack.gateway.error,GlobalErrorAttributes,0,28,0,0,0,6,0,2,0,2
FinTrack Coverage Report/api-gateway,com.fintrack.gateway.controller,FallbackController,0,46,0,0,0,14,0,6,0,6
FinTrack Coverage Report/api-gateway,com.fintrack.gateway.jwt,JwtTokenProvider,0,99,0,12,0,24,0,12,0,6
FinTrack Coverage Report/api-gateway,com.fintrack.gateway.filter,JwtAuthGatewayFilterFactory,0,92,0,2,0,21,0,5,0,4
FinTrack Coverage Report/api-gateway,com.fintrack.gateway.filter,CorrelationIdGlobalFilter,0,57,0,4,0,12,0,6,0,4
