<?xml version="1.0" encoding="UTF-8" standalone="yes"?><!DOCTYPE report PUBLIC "-//JACOCO//DTD Report 1.1//EN" "report.dtd"><report name="transaction-service"><sessioninfo id="runnervmg397c-ee9a6c94" start="1779746430260" dump="1779746478275"/><package name="com/fintrack/transaction/controller"><class name="com/fintrack/transaction/controller/TransactionController" sourcefilename="TransactionController.java"><method name="create" desc="(Lcom/fintrack/transaction/dto/CreateTransactionRequest;)Lcom/fintrack/transaction/dto/TransactionResponse;" line="36"><counter type="INSTRUCTION" missed="0" covered="5"/><counter type="LINE" missed="0" covered="1"/><counter type="COMPLEXITY" missed="0" covered="1"/><counter type="METHOD" missed="0" covered="1"/></method><method name="get" desc="(Ljava/lang/String;)Lcom/fintrack/transaction/dto/TransactionResponse;" line="42"><counter type="INSTRUCTION" missed="0" covered="5"/><counter type="LINE" missed="0" covered="1"/><counter type="COMPLEXITY" missed="0" covered="1"/><counter type="METHOD" missed="0" covered="1"/></method><method name="byAccount" desc="(Ljava/lang/String;Lorg/springframework/data/domain/Pageable;)Lorg/springframework/data/domain/Page;" line="48"><counter type="INSTRUCTION" missed="0" covered="6"/><counter type="LINE" missed="0" covered="1"/><counter type="COMPLEXITY" missed="0" covered="1"/><counter type="METHOD" missed="0" covered="1"/></method><method name="quote" desc="(Lcom/fintrack/transaction/entity/TransactionType;Ljava/math/BigDecimal;Ljava/lang/String;)Lcom/fintrack/transaction/dto/FeeQuote;" line="56"><counter type="INSTRUCTION" missed="0" covered="12"/><counter type="LINE" missed="0" covered="2"/><counter type="COMPLEXITY" missed="0" covered="1"/><counter type="METHOD" missed="0" covered="1"/></method><counter type="INSTRUCTION" missed="0" covered="28"/><counter type="LINE" missed="0" covered="5"/><counter type="COMPLEXITY" missed="0" covered="4"/><counter type="METHOD" missed="0" covered="4"/><counter type="CLASS" missed="0" covered="1"/></class><sourcefile name="TransactionController.java"><line nr="36" mi="0" ci="5" mb="0" cb="0"/><line nr="42" mi="0" ci="5" mb="0" cb="0"/><line nr="48" mi="0" ci="6" mb="0" cb="0"/><line nr="56" mi="0" ci="6" mb="0" cb="0"/><line nr="57" mi="0" ci="6" mb="0" cb="0"/><counter type="INSTRUCTION" missed="0" covered="28"/><counter type="LINE" missed="0" covered="5"/><counter type="COMPLEXITY" missed="0" covered="4"/><counter type="METHOD" missed="0" covered="4"/><counter type="CLASS" missed="0" covered="1"/></sourcefile><counter type="INSTRUCTION" missed="0" covered="28"/><counter type="LINE" missed="0" covered="5"/><counter type="COMPLEXITY" missed="0" covered="4"/><counter type="METHOD" missed="0" covered="4"/><counter type="CLASS" missed="0" covered="1"/></package><package name="com/fintrack/transaction/saga"><class name="com/fintrack/transaction/saga/TransactionCompletedConsumer" sourcefilename="TransactionCompletedConsumer.java"><method name="&lt;init&gt;" desc="()V" line="16"><counter type="INSTRUCTION" missed="3" covered="0"/><counter type="LINE" missed="1" covered="0"/><counter type="COMPLEXITY" missed="1" covered="0"/><counter type="METHOD" missed="1" covered="0"/></method><method name="onTransactionCompleted" desc="(Lcom/fintrack/transaction/event/TransactionCompletedEvent;)V" line="24"><counter type="INSTRUCTION" missed="26" covered="0"/><counter type="LINE" missed="3" covered="0"/><counter type="COMPLEXITY" missed="1" covered="0"/><counter type="METHOD" missed="1" covered="0"/></method><method name="&lt;clinit&gt;" desc="()V" line="14"><counter type="INSTRUCTION" missed="4" covered="0"/><counter type="LINE" missed="1" covered="0"/><counter type="COMPLEXITY" missed="1" covered="0"/><counter type="METHOD" missed="1" covered="0"/></method><counter type="INSTRUCTION" missed="33" covered="0"/><counter type="LINE" missed="5" covered="0"/><counter type="COMPLEXITY" missed="3" covered="0"/><counter type="METHOD" missed="3" covered="0"/><counter type="CLASS" missed="1" covered="0"/></class><class name="com/fintrack/transaction/saga/TransactionInitiatedConsumer" sourcefilename="TransactionInitiatedConsumer.java"><method name="onTransactionInitiated" desc="(Lcom/fintrack/transaction/event/TransactionInitiatedEvent;)V" line="27"><counter type="INSTRUCTION" missed="21" covered="0"/><counter type="LINE" missed="3" covered="0"/><counter type="COMPLEXITY" missed="1" covered="0"/><counter type="METHOD" missed="1" covered="0"/></method><method name="&lt;clinit&gt;" desc="()V" line="16"><counter type="INSTRUCTION" missed="4" covered="0"/><counter type="LINE" missed="1" covered="0"/><counter type="COMPLEXITY" missed="1" covered="0"/><counter type="METHOD" missed="1" covered="0"/></method><counter type="INSTRUCTION" missed="25" covered="0"/><counter type="LINE" missed="4" covered="0"/><counter type="COMPLEXITY" missed="2" covered="0"/><counter type="METHOD" missed="2" covered="0"/><counter type="CLASS" missed="1" covered="0"/></class><class name="com/fintrack/transaction/saga/AccountDebitedConsumer" sourcefilename="AccountDebitedConsumer.java"><method name="onAccountDebited" desc="(Lcom/fintrack/transaction/event/AccountDebitedEvent;)V" line="29"><counter type="INSTRUCTION" missed="43" covered="0"/><counter type="LINE" missed="9" covered="0"/><counter type="COMPLEXITY" missed="1" covered="0"/><counter type="METHOD" missed="1" covered="0"/></method><method name="&lt;clinit&gt;" desc="()V" line="16"><counter type="INSTRUCTION" missed="4" covered="0"/><counter type="LINE" missed="1" covered="0"/><counter type="COMPLEXITY" missed="1" covered="0"/><counter type="METHOD" missed="1" covered="0"/></method><counter type="INSTRUCTION" missed="47" covered="0"/><counter type="LINE" missed="10" covered="0"/><counter type="COMPLEXITY" missed="2" covered="0"/><counter type="METHOD" missed="2" covered="0"/><counter type="CLASS" missed="1" covered="0"/></class><class name="com/fintrack/transaction/saga/TransactionFailedConsumer" sourcefilename="TransactionFailedConsumer.java"><method name="onTransactionFailed" desc="(Lcom/fintrack/transaction/event/TransactionFailedEvent;)V" line="29"><counter type="INSTRUCTION" missed="45" covered="0"/><counter type="BRANCH" missed="2" covered="0"/><counter type="LINE" missed="8" covered="0"/><counter type="COMPLEXITY" missed="2" covered="0"/><counter type="METHOD" missed="1" covered="0"/></method><method name="&lt;clinit&gt;" desc="()V" line="16"><counter type="INSTRUCTION" missed="4" covered="0"/><counter type="LINE" missed="1" covered="0"/><counter type="COMPLEXITY" missed="1" covered="0"/><counter type="METHOD" missed="1" covered="0"/></method><counter type="INSTRUCTION" missed="49" covered="0"/><counter type="BRANCH" missed="2" covered="0"/><counter type="LINE" missed="9" covered="0"/><counter type="COMPLEXITY" missed="3" covered="0"/><counter type="METHOD" missed="2" covered="0"/><counter type="CLASS" missed="1" covered="0"/></class><sourcefile name="TransactionCompletedConsumer.java"><line nr="14" mi="4" ci="0" mb="0" cb="0"/><line nr="16" mi="3" ci="0" mb="0" cb="0"/><line nr="24" mi="8" ci="0" mb="0" cb="0"/><line nr="25" mi="17" ci="0" mb="0" cb="0"/><line nr="26" mi="1" ci="0" mb="0" cb="0"/><counter type="INSTRUCTION" missed="33" covered="0"/><counter type="LINE" missed="5" covered="0"/><counter type="COMPLEXITY" missed="3" covered="0"/><counter type="METHOD" missed="3" covered="0"/><counter type="CLASS" missed="1" covered="0"/></sourcefile><sourcefile name="TransactionFailedConsumer.java"><line nr="16" mi="4" ci="0" mb="0" cb="0"/><line nr="29" mi="8" ci="0" mb="0" cb="0"/><line nr="30" mi="13" ci="0" mb="0" cb="0"/><line nr="31" mi="3" ci="0" mb="2" cb="0"/><line nr="32" mi="7" ci="0" mb="0" cb="0"/><line nr="33" mi="3" ci="0" mb="0" cb="0"/><line nr="35" mi="6" ci="0" mb="0" cb="0"/><line nr="36" mi="4" ci="0" mb="0" cb="0"/><line nr="38" mi="1" ci="0" mb="0" cb="0"/><counter type="INSTRUCTION" missed="49" covered="0"/><counter type="BRANCH" missed="2" covered="0"/><counter type="LINE" missed="9" covered="0"/><counter type="COMPLEXITY" missed="3" covered="0"/><counter type="METHOD" missed="2" covered="0"/><counter type="CLASS" missed="1" covered="0"/></sourcefile><sourcefile name="TransactionInitiatedConsumer.java"><line nr="16" mi="4" ci="0" mb="0" cb="0"/><line nr="27" mi="8" ci="0" mb="0" cb="0"/><line nr="28" mi="12" ci="0" mb="0" cb="0"/><line nr="29" mi="1" ci="0" mb="0" cb="0"/><counter type="INSTRUCTION" missed="25" covered="0"/><counter type="LINE" missed="4" covered="0"/><counter type="COMPLEXITY" missed="2" covered="0"/><counter type="METHOD" missed="2" covered="0"/><counter type="CLASS" missed="1" covered="0"/></sourcefile><sourcefile name="AccountDebitedConsumer.java"><line nr="16" mi="4" ci="0" mb="0" cb="0"/><line nr="29" mi="8" ci="0" mb="0" cb="0"/><line nr="30" mi="12" ci="0" mb="0" cb="0"/><line nr="32" mi="5" ci="0" mb="0" cb="0"/><line nr="33" mi="1" ci="0" mb="0" cb="0"/><line nr="34" mi="6" ci="0" mb="0" cb="0"/><line nr="35" mi="7" ci="0" mb="0" cb="0"/><line nr="36" mi="2" ci="0" mb="0" cb="0"/><line nr="37" mi="1" ci="0" mb="0" cb="0"/><line nr="38" mi="1" ci="0" mb="0" cb="0"/><counter type="INSTRUCTION" missed="47" covered="0"/><counter type="LINE" missed="10" covered="0"/><counter type="COMPLEXITY" missed="2" covered="0"/><counter type="METHOD" missed="2" covered="0"/><counter type="CLASS" missed="1" covered="0"/></sourcefile><counter type="INSTRUCTION" missed="154" covered="0"/><counter type="BRANCH" missed="2" covered="0"/><counter type="LINE" missed="28" covered="0"/><counter type="COMPLEXITY" missed="10" covered="0"/><counter type="METHOD" missed="9" covered="0"/><counter type="CLASS" missed="4" covered="0"/></package><package name="com/fintrack/transaction/strategy/fee"><class name="com/fintrack/transaction/strategy/fee/BillPaymentFeeStrategy" sourcefilename="BillPaymentFeeStrategy.java"><method name="&lt;init&gt;" desc="(Ljava/math/BigDecimal;)V" line="19"><counter type="INSTRUCTION" missed="0" covered="6"/><counter type="LINE" missed="0" covered="3"/><counter type="COMPLEXITY" missed="0" covered="1"/><counter type="METHOD" missed="0" covered="1"/></method><method name="name" desc="()Ljava/lang/String;" line="23"><counter type="INSTRUCTION" missed="0" covered="2"/><counter type="LINE" missed="0" covered="1"/><counter type="COMPLEXITY" missed="0" covered="1"/><counter type="METHOD" missed="0" covered="1"/></method><method name="supports" desc="()Ljava/util/Set;" line="26"><counter type="INSTRUCTION" missed="0" covered="3"/><counter type="LINE" missed="0" covered="1"/><counter type="COMPLEXITY" missed="0" covered="1"/><counter type="METHOD" missed="0" covered="1"/></method><method name="calculate" desc="(Lcom/fintrack/transaction/strategy/fee/FeeCalculationContext;)Ljava/math/BigDecimal;" line="29"><counter type="INSTRUCTION" missed="0" covered="3"/><counter type="LINE" missed="0" covered="1"/><counter type="COMPLEXITY" missed="0" covered="1"/><counter type="METHOD" missed="0" covered="1"/></method><counter type="INSTRUCTION" missed="0" covered="14"/><counter type="LINE" missed="0" covered="6"/><counter type="COMPLEXITY" missed="0" covered="4"/><counter type="METHOD" missed="0" covered="4"/><counter type="CLASS" missed="0" covered="1"/></class><class name="com/fintrack/transaction/strategy/fee/FeeCalculationContext" sourcefilename="FeeCalculationContext.java"/><class name="com/fintrack/transaction/strategy/fee/ZeroFeeStrategy" sourcefilename="ZeroFeeStrategy.java"><method name="&lt;init&gt;" desc="()V" line="11"><counter type="INSTRUCTION" missed="0" covered="3"/><counter type="LINE" missed="0" covered="1"/><counter type="COMPLEXITY" missed="0" covered="1"/><counter type="METHOD" missed="0" covered="1"/></method><method name="name" desc="()Ljava/lang/String;" line="15"><counter type="INSTRUCTION" missed="0" covered="2"/><counter type="LINE" missed="0" covered="1"/><counter type="COMPLEXITY" missed="0" covered="1"/><counter type="METHOD" missed="0" covered="1"/></method><method name="supports" desc="()Ljava/util/Set;" line="18"><counter type="INSTRUCTION" missed="0" covered="3"/><counter type="LINE" missed="0" covered="1"/><counter type="COMPLEXITY" missed="0" covered="1"/><counter type="METHOD" missed="0" covered="1"/></method><method name="calculate" desc="(Lcom/fintrack/transaction/strategy/fee/FeeCalculationContext;)Ljava/math/BigDecimal;" line="21"><counter type="INSTRUCTION" missed="0" covered="2"/><counter type="LINE" missed="0" covered="1"/><counter type="COMPLEXITY" missed="0" covered="1"/><counter type="METHOD" missed="0" covered="1"/></method><counter type="INSTRUCTION" missed="0" covered="10"/><counter type="LINE" missed="0" covered="4"/><counter type="COMPLEXITY" missed="0" covered="4"/><counter type="METHOD" missed="0" covered="4"/><counter type="CLASS" missed="0" covered="1"/></class><class name="com/fintrack/transaction/strategy/fee/FeeStrategy" sourcefilename="FeeStrategy.java"/><class name="com/fintrack/transaction/strategy/fee/FeeStrategyRegistry" sourcefilename="FeeStrategyRegistry.java"><method name="&lt;init&gt;" desc="(Ljava/util/List;)V" line="22"><counter type="INSTRUCTION" missed="0" covered="64"/><counter type="BRANCH" missed="1" covered="7"/><counter type="LINE" missed="0" covered="12"/><counter type="COMPLEXITY" missed="1" covered="4"/><counter type="METHOD" missed="0" covered="1"/></method><method name="verify" desc="()V" line="41"><counter type="INSTRUCTION" missed="0" covered="35"/><counter type="BRANCH" missed="0" covered="4"/><counter type="LINE" missed="0" covered="5"/><counter type="COMPLEXITY" missed="0" covered="3"/><counter type="METHOD" missed="0" covered="1"/></method><method name="strategyFor" desc="(Lcom/fintrack/transaction/entity/TransactionType;)Lcom/fintrack/transaction/strategy/fee/FeeStrategy;" line="50"><counter type="INSTRUCTION" missed="7" covered="10"/><counter type="BRANCH" missed="1" covered="1"/><counter type="LINE" missed="0" covered="3"/><counter type="COMPLEXITY" missed="1" covered="1"/><counter type="METHOD" missed="0" covered="1"/></method><method name="by" desc="(Ljava/lang/String;)Lcom/fintrack/transaction/strategy/fee/FeeStrategy;" line="56"><counter type="INSTRUCTION" missed="0" covered="16"/><counter type="BRANCH" missed="0" covered="2"/><counter type="LINE" missed="0" covered="3"/><counter type="COMPLEXITY" missed="0" covered="2"/><counter type="METHOD" missed="0" covered="1"/></method><method name="lambda$new$0" desc="(Lcom/fintrack/transaction/strategy/fee/FeeStrategy;)Lcom/fintrack/transaction/strategy/fee/FeeStrategy;" line="27"><counter type="INSTRUCTION" missed="0" covered="2"/><counter type="LINE" missed="0" covered="1"/><counter type="COMPLEXITY" missed="0" covered="1"/><counter type="METHOD" missed="0" covered="1"/></method><method name="&lt;clinit&gt;" desc="()V" line="17"><counter type="INSTRUCTION" missed="0" covered="4"/><counter type="LINE" missed="0" covered="1"/><counter type="COMPLEXITY" missed="0" covered="1"/><counter type="METHOD" missed="0" covered="1"/></method><counter type="INSTRUCTION" missed="7" covered="131"/><counter type="BRANCH" missed="2" covered="14"/><counter type="LINE" missed="0" covered="25"/><counter type="COMPLEXITY" missed="2" covered="12"/><counter type="METHOD" missed="0" covered="6"/><counter type="CLASS" missed="0" covered="1"/></class><class name="com/fintrack/transaction/strategy/fee/FeeCalculationContext$FeeCalculationContextBuilder" sourcefilename="FeeCalculationContext.java"/><class name="com/fintrack/transaction/strategy/fee/DomesticFeeStrategy" sourcefilename="DomesticFeeStrategy.java"><method name="&lt;init&gt;" desc="(Ljava/math/BigDecimal;Ljava/math/BigDecimal;)V" line="22"><counter type="INSTRUCTION" missed="0" covered="9"/><counter type="LINE" missed="0" covered="4"/><counter type="COMPLEXITY" missed="0" covered="1"/><counter type="METHOD" missed="0" covered="1"/></method><method name="name" desc="()Ljava/lang/String;" line="27"><counter type="INSTRUCTION" missed="0" covered="2"/><counter type="LINE" missed="0" covered="1"/><counter type="COMPLEXITY" missed="0" covered="1"/><counter type="METHOD" missed="0" covered="1"/></method><method name="supports" desc="()Ljava/util/Set;" line="30"><counter type="INSTRUCTION" missed="0" covered="3"/><counter type="LINE" missed="0" covered="1"/><counter type="COMPLEXITY" missed="0" covered="1"/><counter type="METHOD" missed="0" covered="1"/></method><method name="calculate" desc="(Lcom/fintrack/transaction/strategy/fee/FeeCalculationContext;)Ljava/math/BigDecimal;" line="34"><counter type="INSTRUCTION" missed="0" covered="14"/><counter type="LINE" missed="0" covered="2"/><counter type="COMPLEXITY" missed="0" covered="1"/><counter type="METHOD" missed="0" covered="1"/></method><counter type="INSTRUCTION" missed="0" covered="28"/><counter type="LINE" missed="0" covered="8"/><counter type="COMPLEXITY" missed="0" covered="4"/><counter type="METHOD" missed="0" covered="4"/><counter type="CLASS" missed="0" covered="1"/></class><class name="com/fintrack/transaction/strategy/fee/ATMWithdrawalFeeStrategy" sourcefilename="ATMWithdrawalFeeStrategy.java"><method name="&lt;init&gt;" desc="(Ljava/math/BigDecimal;Ljava/math/BigDecimal;)V" line="21"><counter type="INSTRUCTION" missed="0" covered="9"/><counter type="LINE" missed="0" covered="4"/><counter type="COMPLEXITY" missed="0" covered="1"/><counter type="METHOD" missed="0" covered="1"/></method><method name="name" desc="()Ljava/lang/String;" line="26"><counter type="INSTRUCTION" missed="0" covered="2"/><counter type="LINE" missed="0" covered="1"/><counter type="COMPLEXITY" missed="0" covered="1"/><counter type="METHOD" missed="0" covered="1"/></method><method name="supports" desc="()Ljava/util/Set;" line="29"><counter type="INSTRUCTION" missed="0" covered="3"/><counter type="LINE" missed="0" covered="1"/><counter type="COMPLEXITY" missed="0" covered="1"/><counter type="METHOD" missed="0" covered="1"/></method><method name="calculate" desc="(Lcom/fintrack/transaction/strategy/fee/FeeCalculationContext;)Ljava/math/BigDecimal;" line="33"><counter type="INSTRUCTION" missed="0" covered="12"/><counter type="BRANCH" missed="0" covered="2"/><counter type="LINE" missed="0" covered="1"/><counter type="COMPLEXITY" missed="0" covered="2"/><counter type="METHOD" missed="0" covered="1"/></method><counter type="INSTRUCTION" missed="0" covered="26"/><counter type="BRANCH" missed="0" covered="2"/><counter type="LINE" missed="0" covered="7"/><counter type="COMPLEXITY" missed="0" covered="5"/><counter type="METHOD" missed="0" covered="4"/><counter type="CLASS" missed="0" covered="1"/></class><class name="com/fintrack/transaction/strategy/fee/InternationalFeeStrategy" sourcefilename="InternationalFeeStrategy.java"><method name="&lt;init&gt;" desc="(Ljava/math/BigDecimal;Ljava/math/BigDecimal;)V" line="22"><counter type="INSTRUCTION" missed="0" covered="9"/><counter type="LINE" missed="0" covered="4"/><counter type="COMPLEXITY" missed="0" covered="1"/><counter type="METHOD" missed="0" covered="1"/></method><method name="name" desc="()Ljava/lang/String;" line="27"><counter type="INSTRUCTION" missed="0" covered="2"/><counter type="LINE" missed="0" covered="1"/><counter type="COMPLEXITY" missed="0" covered="1"/><counter type="METHOD" missed="0" covered="1"/></method><method name="supports" desc="()Ljava/util/Set;" line="30"><counter type="INSTRUCTION" missed="0" covered="3"/><counter type="LINE" missed="0" covered="1"/><counter type="COMPLEXITY" missed="0" covered="1"/><counter type="METHOD" missed="0" covered="1"/></method><method name="calculate" desc="(Lcom/fintrack/transaction/strategy/fee/FeeCalculationContext;)Ljava/math/BigDecimal;" line="34"><counter type="INSTRUCTION" missed="0" covered="14"/><counter type="LINE" missed="0" covered="2"/><counter type="COMPLEXITY" missed="0" covered="1"/><counter type="METHOD" missed="0" covered="1"/></method><counter type="INSTRUCTION" missed="0" covered="28"/><counter type="LINE" missed="0" covered="8"/><counter type="COMPLEXITY" missed="0" covered="4"/><counter type="METHOD" missed="0" covered="4"/><counter type="CLASS" missed="0" covered="1"/></class><sourcefile name="InternationalFeeStrategy.java"><line nr="22" mi="0" ci="2" mb="0" cb="0"/><line nr="23" mi="0" ci="3" mb="0" cb="0"/><line nr="24" mi="0" ci="3" mb="0" cb="0"/><line nr="25" mi="0" ci="1" mb="0" cb="0"/><line nr="27" mi="0" ci="2" mb="0" cb="0"/><line nr="30" mi="0" ci="3" mb="0" cb="0"/><line nr="34" mi="0" ci="9" mb="0" cb="0"/><line nr="35" mi="0" ci="5" mb="0" cb="0"/><counter type="INSTRUCTION" missed="0" covered="28"/><counter type="LINE" missed="0" covered="8"/><counter type="COMPLEXITY" missed="0" covered="4"/><counter type="METHOD" missed="0" covered="4"/><counter type="CLASS" missed="0" covered="1"/></sourcefile><sourcefile name="BillPaymentFeeStrategy.java"><line nr="19" mi="0" ci="2" mb="0" cb="0"/><line nr="20" mi="0" ci="3" mb="0" cb="0"/><line nr="21" mi="0" ci="1" mb="0" cb="0"/><line nr="23" mi="0" ci="2" mb="0" cb="0"/><line nr="26" mi="0" ci="3" mb="0" cb="0"/><line nr="29" mi="0" ci="3" mb="0" cb="0"/><counter type="INSTRUCTION" missed="0" covered="14"/><counter type="LINE" missed="0" covered="6"/><counter type="COMPLEXITY" missed="0" covered="4"/><counter type="METHOD" missed="0" covered="4"/><counter type="CLASS" missed="0" covered="1"/></sourcefile><sourcefile name="ATMWithdrawalFeeStrategy.java"><line nr="21" mi="0" ci="2" mb="0" cb="0"/><line nr="22" mi="0" ci="3" mb="0" cb="0"/><line nr="23" mi="0" ci="3" mb="0" cb="0"/><line nr="24" mi="0" ci="1" mb="0" cb="0"/><line nr="26" mi="0" ci="2" mb="0" cb="0"/><line nr="29" mi="0" ci="3" mb="0" cb="0"/><line nr="33" mi="0" ci="12" mb="0" cb="2"/><counter type="INSTRUCTION" missed="0" covered="26"/><counter type="BRANCH" missed="0" covered="2"/><counter type="LINE" missed="0" covered="7"/><counter type="COMPLEXITY" missed="0" covered="5"/><counter type="METHOD" missed="0" covered="4"/><counter type="CLASS" missed="0" covered="1"/></sourcefile><sourcefile name="FeeStrategyRegistry.java"><line nr="17" mi="0" ci="4" mb="0" cb="0"/><line nr="22" mi="0" ci="6" mb="0" cb="0"/><line nr="25" mi="0" ci="2" mb="0" cb="0"/><line nr="26" mi="0" ci="9" mb="0" cb="0"/><line nr="27" mi="0" ci="2" mb="0" cb="0"/><line nr="28" mi="0" ci="10" mb="0" cb="2"/><line nr="29" mi="0" ci="11" mb="0" cb="2"/><line nr="30" mi="0" ci="7" mb="0" cb="0"/><line nr="31" mi="0" ci="5" mb="1" cb="3"/><line nr="32" mi="0" ci="5" mb="0" cb="0"/><line nr="33" mi="0" ci="6" mb="0" cb="0"/><line nr="35" mi="0" ci="1" mb="0" cb="0"/><line nr="36" mi="0" ci="1" mb="0" cb="0"/><line nr="37" mi="0" ci="1" mb="0" cb="0"/><line nr="41" mi="0" ci="16" mb="0" cb="2"/><line nr="42" mi="0" ci="5" mb="0" cb="2"/><line nr="43" mi="0" ci="7" mb="0" cb="0"/><line nr="46" mi="0" ci="6" mb="0" cb="0"/><line nr="47" mi="0" ci="1" mb="0" cb="0"/><line nr="50" mi="0" ci="6" mb="0" cb="0"/><line nr="51" mi="7" ci="2" mb="1" cb="1"/><line nr="52" mi="0" ci="2" mb="0" cb="0"/><line nr="56" mi="0" ci="6" mb="0" cb="0"/><line nr="57" mi="0" ci="8" mb="0" cb="2"/><line nr="58" mi="0" ci="2" mb="0" cb="0"/><counter type="INSTRUCTION" missed="7" covered="131"/><counter type="BRANCH" missed="2" covered="14"/><counter type="LINE" missed="0" covered="25"/><counter type="COMPLEXITY" missed="2" covered="12"/><counter type="METHOD" missed="0" covered="6"/><counter type="CLASS" missed="0" covered="1"/></sourcefile><sourcefile name="DomesticFeeStrategy.java"><line nr="22" mi="0" ci="2" mb="0" cb="0"/><line nr="23" mi="0" ci="3" mb="0" cb="0"/><line nr="24" mi="0" ci="3" mb="0" cb="0"/><line nr="25" mi="0" ci="1" mb="0" cb="0"/><line nr="27" mi="0" ci="2" mb="0" cb="0"/><line nr="30" mi="0" ci="3" mb="0" cb="0"/><line nr="34" mi="0" ci="9" mb="0" cb="0"/><line nr="35" mi="0" ci="5" mb="0" cb="0"/><counter type="INSTRUCTION" missed="0" covered="28"/><counter type="LINE" missed="0" covered="8"/><counter type="COMPLEXITY" missed="0" covered="4"/><counter type="METHOD" missed="0" covered="4"/><counter type="CLASS" missed="0" covered="1"/></sourcefile><sourcefile name="ZeroFeeStrategy.java"><line nr="11" mi="0" ci="3" mb="0" cb="0"/><line nr="15" mi="0" ci="2" mb="0" cb="0"/><line nr="18" mi="0" ci="3" mb="0" cb="0"/><line nr="21" mi="0" ci="2" mb="0" cb="0"/><counter type="INSTRUCTION" missed="0" covered="10"/><counter type="LINE" missed="0" covered="4"/><counter type="COMPLEXITY" missed="0" covered="4"/><counter type="METHOD" missed="0" covered="4"/><counter type="CLASS" missed="0" covered="1"/></sourcefile><sourcefile name="FeeStrategy.java"/><sourcefile name="FeeCalculationContext.java"/><counter type="INSTRUCTION" missed="7" covered="237"/><counter type="BRANCH" missed="2" covered="16"/><counter type="LINE" missed="0" covered="58"/><counter type="COMPLEXITY" missed="2" covered="33"/><counter type="METHOD" missed="0" covered="26"/><counter type="CLASS" missed="0" covered="6"/></package><package name="com/fintrack/transaction/security"><class name="com/fintrack/transaction/security/JwtAuthFilter" sourcefilename="JwtAuthFilter.java"><method name="doFilterInternal" desc="(Ljakarta/servlet/http/HttpServletRequest;Ljakarta/servlet/http/HttpServletResponse;Ljakarta/servlet/FilterChain;)V" line="28"><counter type="INSTRUCTION" missed="19" covered="0"/><counter type="BRANCH" missed="2" covered="0"/><counter type="LINE" missed="4" covered="0"/><counter type="COMPLEXITY" missed="2" covered="0"/><counter type="METHOD" missed="1" covered="0"/></method><method name="populate" desc="(Lio/jsonwebtoken/Claims;)V" line="34"><counter type="INSTRUCTION" missed="24" covered="0"/><counter type="LINE" missed="5" covered="0"/><counter type="COMPLEXITY" missed="1" covered="0"/><counter type="METHOD" missed="1" covered="0"/></method><method name="lambda$populate$0" desc="(Ljava/lang/String;)Lorg/springframework/security/core/authority/SimpleGrantedAuthority;" line="37"><counter type="INSTRUCTION" missed="6" covered="0"/><counter type="LINE" missed="1" covered="0"/><counter type="COMPLEXITY" missed="1" covered="0"/><counter type="METHOD" missed="1" covered="0"/></method><counter type="INSTRUCTION" missed="49" covered="0"/><counter type="BRANCH" missed="2" covered="0"/><counter type="LINE" missed="9" covered="0"/><counter type="COMPLEXITY" missed="4" covered="0"/><counter type="METHOD" missed="3" covered="0"/><counter type="CLASS" missed="1" covered="0"/></class><class name="com/fintrack/transaction/security/JwtTokenProvider" sourcefilename="JwtTokenProvider.java"><method name="&lt;init&gt;" desc="()V" line="19"><counter type="INSTRUCTION" missed="0" covered="3"/><counter type="LINE" missed="0" covered="1"/><counter type="COMPLEXITY" missed="0" covered="1"/><counter type="METHOD" missed="0" covered="1"/></method><method name="init" desc="()V" line="30"><counter type="INSTRUCTION" missed="0" covered="8"/><counter type="LINE" missed="0" covered="1"/><counter type="COMPLEXITY" missed="0" covered="1"/><counter type="METHOD" missed="0" covered="1"/></method><method name="parse" desc="(Ljava/lang/String;)Ljava/util/Optional;" line="34"><counter type="INSTRUCTION" missed="0" covered="22"/><counter type="LINE" missed="0" covered="6"/><counter type="COMPLEXITY" missed="0" covered="1"/><counter type="METHOD" missed="0" covered="1"/></method><method name="stripBearer" desc="(Ljava/lang/String;)Ljava/lang/String;" line="44"><counter type="INSTRUCTION" missed="0" covered="20"/><counter type="BRANCH" missed="0" covered="4"/><counter type="LINE" missed="0" covered="2"/><counter type="COMPLEXITY" missed="0" covered="3"/><counter type="METHOD" missed="0" covered="1"/></method><method name="&lt;clinit&gt;" desc="()V" line="17"><counter type="INSTRUCTION" missed="0" covered="4"/><counter type="LINE" missed="0" covered="1"/><counter type="COMPLEXITY" missed="0" covered="1"/><counter type="METHOD" missed="0" covered="1"/></method><counter type="INSTRUCTION" missed="0" covered="57"/><counter type="BRANCH" missed="0" covered="4"/><counter type="LINE" missed="0" covered="11"/><counter type="COMPLEXITY" missed="0" covered="7"/><counter type="METHOD" missed="0" covered="5"/><counter type="CLASS" missed="0" covered="1"/></class><sourcefile name="JwtAuthFilter.java"><line nr="28" mi="5" ci="0" mb="0" cb="0"/><line nr="29" mi="9" ci="0" mb="2" cb="0"/><line nr="30" mi="4" ci="0" mb="0" cb="0"/><line nr="31" mi="1" ci="0" mb="0" cb="0"/><line nr="34" mi="3" ci="0" mb="0" cb="0"/><line nr="36" mi="6" ci="0" mb="0" cb="0"/><line nr="37" mi="12" ci="0" mb="0" cb="0"/><line nr="38" mi="8" ci="0" mb="0" cb="0"/><line nr="40" mi="1" ci="0" mb="0" cb="0"/><counter type="INSTRUCTION" missed="49" covered="0"/><counter type="BRANCH" missed="2" covered="0"/><counter type="LINE" missed="9" covered="0"/><counter type="COMPLEXITY" missed="4" covered="0"/><counter type="METHOD" missed="3" covered="0"/><counter type="CLASS" missed="1" covered="0"/></sourcefile><sourcefile name="JwtTokenProvider.java"><line nr="17" mi="0" ci="4" mb="0" cb="0"/><line nr="19" mi="0" ci="3" mb="0" cb="0"/><line nr="30" mi="0" ci="8" mb="0" cb="0"/><line nr="34" mi="0" ci="5" mb="0" cb="0"/><line nr="35" mi="0" ci="6" mb="0" cb="0"/><line nr="36" mi="0" ci="3" mb="0" cb="0"/><line nr="37" mi="0" ci="1" mb="0" cb="0"/><line nr="38" mi="0" ci="5" mb="0" cb="0"/><line nr="39" mi="0" ci="2" mb="0" cb="0"/><line nr="44" mi="0" ci="4" mb="0" cb="2"/><line nr="45" mi="0" ci="16" mb="0" cb="2"/><counter type="INSTRUCTION" missed="0" covered="57"/><counter type="BRANCH" missed="0" covered="4"/><counter type="LINE" missed="0" covered="11"/><counter type="COMPLEXITY" missed="0" covered="7"/><counter type="METHOD" missed="0" covered="5"/><counter type="CLASS" missed="0" covered="1"/></sourcefile><counter type="INSTRUCTION" missed="49" covered="57"/><counter type="BRANCH" missed="2" covered="4"/><counter type="LINE" missed="9" covered="11"/><counter type="COMPLEXITY" missed="4" covered="7"/><counter type="METHOD" missed="3" covered="5"/><counter type="CLASS" missed="1" covered="1"/></package><package name="com/fintrack/transaction/risk"><class name="com/fintrack/transaction/risk/RiskLevel" sourcefilename="RiskLevel.java"><method name="&lt;init&gt;" desc="(Ljava/lang/String;II)V" line="11"><counter type="INSTRUCTION" missed="0" covered="8"/><counter type="LINE" missed="0" covered="3"/><counter type="COMPLEXITY" missed="0" covered="1"/><counter type="METHOD" missed="0" covered="1"/></method><method name="weight" desc="()I" line="16"><counter type="INSTRUCTION" missed="0" covered="3"/><counter type="LINE" missed="0" covered="1"/><counter type="COMPLEXITY" missed="0" covered="1"/><counter type="METHOD" missed="0" covered="1"/></method><method name="isAtLeast" desc="(Lcom/fintrack/transaction/risk/RiskLevel;)Z" line="21"><counter type="INSTRUCTION" missed="0" covered="9"/><counter type="BRANCH" missed="0" covered="2"/><counter type="LINE" missed="0" covered="1"/><counter type="COMPLEXITY" missed="0" covered="2"/><counter type="METHOD" missed="0" covered="1"/></method><method name="&lt;clinit&gt;" desc="()V" line="3"><counter type="INSTRUCTION" missed="0" covered="31"/><counter type="LINE" missed="0" covered="5"/><counter type="COMPLEXITY" missed="0" covered="1"/><counter type="METHOD" missed="0" covered="1"/></method><counter type="INSTRUCTION" missed="0" covered="51"/><counter type="BRANCH" missed="0" covered="2"/><counter type="LINE" missed="0" covered="10"/><counter type="COMPLEXITY" missed="0" covered="5"/><counter type="METHOD" missed="0" covered="4"/><counter type="CLASS" missed="0" covered="1"/></class><class name="com/fintrack/transaction/risk/RiskFinding" sourcefilename="RiskFinding.java"/><class name="com/fintrack/transaction/risk/RiskRuleRegistry" sourcefilename="RiskRuleRegistry.java"><method name="&lt;init&gt;" desc="()V" line="15"><counter type="INSTRUCTION" missed="0" covered="64"/><counter type="LINE" missed="0" covered="9"/><counter type="COMPLEXITY" missed="0" covered="1"/><counter type="METHOD" missed="0" covered="1"/></method><method name="all" desc="()Ljava/util/List;" line="66"><counter type="INSTRUCTION" missed="0" covered="5"/><counter type="LINE" missed="0" covered="1"/><counter type="COMPLEXITY" missed="0" covered="1"/><counter type="METHOD" missed="0" covered="1"/></method><method name="byName" desc="()Ljava/util/Map;" line="70"><counter type="INSTRUCTION" missed="0" covered="3"/><counter type="LINE" missed="0" covered="1"/><counter type="COMPLEXITY" missed="0" covered="1"/><counter type="METHOD" missed="0" covered="1"/></method><method name="entry" desc="(Ljava/lang/String;Lcom/fintrack/transaction/risk/RiskLevel;Ljava/lang/String;Ljava/util/function/Predicate;)Ljava/util/Map$Entry;" line="75"><counter type="INSTRUCTION" missed="0" covered="10"/><counter type="LINE" missed="0" covered="2"/><counter type="COMPLEXITY" missed="0" covered="1"/><counter type="METHOD" missed="0" covered="1"/></method><method name="lambda$entry$7" desc="(Ljava/util/function/Predicate;Lcom/fintrack/transaction/risk/RiskLevel;Ljava/lang/String;Ljava/lang/String;Lcom/fintrack/transaction/entity/Transaction;)Ljava/util/Optional;" line="75"><counter type="INSTRUCTION" missed="0" covered="16"/><counter type="BRANCH" missed="0" covered="2"/><counter type="LINE" missed="0" covered="7"/><counter type="COMPLEXITY" missed="0" covered="2"/><counter type="METHOD" missed="0" covered="1"/></method><method name="lambda$new$6" desc="(Lcom/fintrack/transaction/entity/Transaction;)Z" line="59"><counter type="INSTRUCTION" missed="0" covered="23"/><counter type="BRANCH" missed="1" covered="9"/><counter type="LINE" missed="0" covered="4"/><counter type="COMPLEXITY" missed="1" covered="5"/><counter type="METHOD" missed="0" covered="1"/></method><method name="lambda$new$5" desc="(Lcom/fintrack/transaction/entity/Transaction;)Z" line="53"><counter type="INSTRUCTION" missed="0" covered="19"/><counter type="BRANCH" missed="1" covered="7"/><counter type="LINE" missed="0" covered="3"/><counter type="COMPLEXITY" missed="1" covered="4"/><counter type="METHOD" missed="0" covered="1"/></method><method name="lambda$new$4" desc="(Lcom/fintrack/transaction/entity/Transaction;)Z" line="47"><counter type="INSTRUCTION" missed="0" covered="16"/><counter type="BRANCH" missed="1" covered="5"/><counter type="LINE" missed="0" covered="3"/><counter type="COMPLEXITY" missed="1" covered="3"/><counter type="METHOD" missed="0" covered="1"/></method><method name="lambda$new$3" desc="(Lcom/fintrack/transaction/entity/Transaction;)Z" line="41"><counter type="INSTRUCTION" missed="0" covered="16"/><counter type="BRANCH" missed="1" covered="5"/><counter type="LINE" missed="0" covered="3"/><counter type="COMPLEXITY" missed="1" covered="3"/><counter type="METHOD" missed="0" covered="1"/></method><method name="lambda$new$2" desc="(Lcom/fintrack/transaction/entity/Transaction;)Z" line="35"><counter type="INSTRUCTION" missed="0" covered="18"/><counter type="BRANCH" missed="1" covered="5"/><counter type="LINE" missed="0" covered="3"/><counter type="COMPLEXITY" missed="1" covered="3"/><counter type="METHOD" missed="0" covered="1"/></method><method name="lambda$new$1" desc="(Lcom/fintrack/transaction/entity/Transaction;)Z" line="31"><counter type="INSTRUCTION" missed="0" covered="12"/><counter type="BRANCH" missed="1" covered="3"/><counter type="LINE" missed="0" covered="1"/><counter type="COMPLEXITY" missed="1" covered="2"/><counter type="METHOD" missed="0" covered="1"/></method><method name="lambda$new$0" desc="(Lcom/fintrack/transaction/entity/Transaction;)Z" line="26"><counter type="INSTRUCTION" missed="0" covered="13"/><counter type="BRANCH" missed="0" covered="4"/><counter type="LINE" missed="0" covered="2"/><counter type="COMPLEXITY" missed="0" covered="3"/><counter type="METHOD" missed="0" covered="1"/></method><method name="&lt;clinit&gt;" desc="()V" line="17"><counter type="INSTRUCTION" missed="0" covered="26"/><counter type="LINE" missed="0" covered="5"/><counter type="COMPLEXITY" missed="0" covered="1"/><counter type="METHOD" missed="0" covered="1"/></method><counter type="INSTRUCTION" missed="0" covered="241"/><counter type="BRANCH" missed="6" covered="40"/><counter type="LINE" missed="0" covered="43"/><counter type="COMPLEXITY" missed="6" covered="30"/><counter type="METHOD" missed="0" covered="13"/><counter type="CLASS" missed="0" covered="1"/></class><class name="com/fintrack/transaction/risk/RiskScore$RiskScoreBuilder" sourcefilename="RiskScore.java"/><class name="com/fintrack/transaction/risk/RiskRule" sourcefilename="RiskRule.java"/><class name="com/fintrack/transaction/risk/RiskFinding$RiskFindingBuilder" sourcefilename="RiskFinding.java"/><class name="com/fintrack/transaction/risk/RiskScore" sourcefilename="RiskScore.java"><method name="clean" desc="(Ljava/lang/String;)Lcom/fintrack/transaction/risk/RiskScore;" line="25"><counter type="INSTRUCTION" missed="0" covered="17"/><counter type="LINE" missed="0" covered="9"/><counter type="COMPLEXITY" missed="0" covered="1"/><counter type="METHOD" missed="0" covered="1"/></method><method name="shouldBlock" desc="()Z" line="38"><counter type="INSTRUCTION" missed="0" covered="8"/><counter type="BRANCH" missed="0" covered="2"/><counter type="LINE" missed="0" covered="1"/><counter type="COMPLEXITY" missed="0" covered="2"/><counter type="METHOD" missed="0" covered="1"/></method><method name="shouldAlert" desc="()Z" line="43"><counter type="INSTRUCTION" missed="0" covered="12"/><counter type="BRANCH" missed="0" covered="4"/><counter type="LINE" missed="0" covered="1"/><counter type="COMPLEXITY" missed="0" covered="3"/><counter type="METHOD" missed="0" covered="1"/></method><method name="from" desc="(Ljava/lang/String;Ljava/util/List;)Lcom/fintrack/transaction/risk/RiskScore;" line="47"><counter type="INSTRUCTION" missed="0" covered="52"/><counter type="BRANCH" missed="0" covered="6"/><counter type="LINE" missed="0" covered="17"/><counter type="COMPLEXITY" missed="0" covered="4"/><counter type="METHOD" missed="0" covered="1"/></method><method name="lambda$from$1" desc="(Lcom/fintrack/transaction/risk/RiskFinding;)Z" line="52"><counter type="INSTRUCTION" missed="0" covered="8"/><counter type="BRANCH" missed="0" covered="2"/><counter type="LINE" missed="0" covered="1"/><counter type="COMPLEXITY" missed="0" covered="2"/><counter type="METHOD" missed="0" covered="1"/></method><method name="lambda$from$0" desc="(Lcom/fintrack/transaction/risk/RiskFinding;)I" line="51"><counter type="INSTRUCTION" missed="0" covered="4"/><counter type="LINE" missed="0" covered="1"/><counter type="COMPLEXITY" missed="0" covered="1"/><counter type="METHOD" missed="0" covered="1"/></method><counter type="INSTRUCTION" missed="0" covered="101"/><counter type="BRANCH" missed="0" covered="14"/><counter type="LINE" missed="0" covered="28"/><counter type="COMPLEXITY" missed="0" covered="13"/><counter type="METHOD" missed="0" covered="6"/><counter type="CLASS" missed="0" covered="1"/></class><class name="com/fintrack/transaction/risk/RiskEngine" sourcefilename="RiskEngine.java"><method name="assess" desc="(Lcom/fintrack/transaction/entity/Transaction;)Lcom/fintrack/transaction/risk/RiskScore;" line="29"><counter type="INSTRUCTION" missed="8" covered="98"/><counter type="BRANCH" missed="0" covered="4"/><counter type="LINE" missed="3" covered="18"/><counter type="COMPLEXITY" missed="0" covered="3"/><counter type="METHOD" missed="0" covered="1"/></method><method name="shutdown" desc="()V" line="58"><counter type="INSTRUCTION" missed="4" covered="0"/><counter type="LINE" missed="2" covered="0"/><counter type="COMPLEXITY" missed="1" covered="0"/><counter type="METHOD" missed="1" covered="0"/></method><method name="namedThreadFactory" desc="()Ljava/util/concurrent/ThreadFactory;" line="62"><counter type="INSTRUCTION" missed="0" covered="7"/><counter type="LINE" missed="0" covered="2"/><counter type="COMPLEXITY" missed="0" covered="1"/><counter type="METHOD" missed="0" covered="1"/></method><method name="lambda$namedThreadFactory$1" desc="(Ljava/util/concurrent/atomic/AtomicInteger;Ljava/lang/Runnable;)Ljava/lang/Thread;" line="64"><counter type="INSTRUCTION" missed="0" covered="13"/><counter type="LINE" missed="0" covered="3"/><counter type="COMPLEXITY" missed="0" covered="1"/><counter type="METHOD" missed="0" covered="1"/></method><method name="lambda$assess$0" desc="(Lcom/fintrack/transaction/risk/RiskRule;Lcom/fintrack/transaction/entity/Transaction;)Ljava/util/Optional;" line="32"><counter type="INSTRUCTION" missed="0" covered="4"/><counter type="LINE" missed="0" covered="1"/><counter type="COMPLEXITY" missed="0" covered="1"/><counter type="METHOD" missed="0" covered="1"/></method><method name="&lt;clinit&gt;" desc="()V" line="20"><counter type="INSTRUCTION" missed="0" covered="4"/><counter type="LINE" missed="0" covered="1"/><counter type="COMPLEXITY" missed="0" covered="1"/><counter type="METHOD" missed="0" covered="1"/></method><counter type="INSTRUCTION" missed="12" covered="126"/><counter type="BRANCH" missed="0" covered="4"/><counter type="LINE" missed="5" covered="24"/><counter type="COMPLEXITY" missed="1" covered="7"/><counter type="METHOD" missed="1" covered="5"/><counter type="CLASS" missed="0" covered="1"/></class><sourcefile name="RiskLevel.java"><line nr="3" mi="0" ci="3" mb="0" cb="0"/><line nr="4" mi="0" ci="7" mb="0" cb="0"/><line nr="5" mi="0" ci="7" mb="0" cb="0"/><line nr="6" mi="0" ci="7" mb="0" cb="0"/><line nr="7" mi="0" ci="7" mb="0" cb="0"/><line nr="11" mi="0" ci="4" mb="0" cb="0"/><line nr="12" mi="0" ci="3" mb="0" cb="0"/><line nr="13" mi="0" ci="1" mb="0" cb="0"/><line nr="16" mi="0" ci="3" mb="0" cb="0"/><line nr="21" mi="0" ci="9" mb="0" cb="2"/><counter type="INSTRUCTION" missed="0" covered="51"/><counter type="BRANCH" missed="0" covered="2"/><counter type="LINE" missed="0" covered="10"/><counter type="COMPLEXITY" missed="0" covered="5"/><counter type="METHOD" missed="0" covered="4"/><counter type="CLASS" missed="0" covered="1"/></sourcefile><sourcefile name="RiskEngine.java"><line nr="20" mi="0" ci="4" mb="0" cb="0"/><line nr="29" mi="0" ci="4" mb="0" cb="0"/><line nr="30" mi="0" ci="6" mb="0" cb="0"/><line nr="31" mi="0" ci="10" mb="0" cb="2"/><line nr="32" mi="0" ci="10" mb="0" cb="0"/><line nr="33" mi="0" ci="1" mb="0" cb="0"/><line nr="35" mi="0" ci="4" mb="0" cb="0"/><line nr="37" mi="0" ci="5" mb="0" cb="0"/><line nr="38" mi="0" ci="10" mb="0" cb="2"/><line nr="40" mi="0" ci="9" mb="0" cb="0"/><line nr="41" mi="0" ci="1" mb="0" cb="0"/><line nr="42" mi="0" ci="5" mb="0" cb="0"/><line nr="43" mi="0" ci="1" mb="0" cb="0"/><line nr="44" mi="0" ci="1" mb="0" cb="0"/><line nr="45" mi="1" ci="0" mb="0" cb="0"/><line nr="46" mi="2" ci="0" mb="0" cb="0"/><line nr="47" mi="5" ci="0" mb="0" cb="0"/><line nr="48" mi="0" ci="1" mb="0" cb="0"/><line nr="50" mi="0" ci="5" mb="0" cb="0"/><line nr="51" mi="0" ci="8" mb="0" cb="0"/><line nr="52" mi="0" ci="19" mb="0" cb="0"/><line nr="53" mi="0" ci="2" mb="0" cb="0"/><line nr="58" mi="3" ci="0" mb="0" cb="0"/><line nr="59" mi="1" ci="0" mb="0" cb="0"/><line nr="62" mi="0" ci="4" mb="0" cb="0"/><line nr="63" mi="0" ci="3" mb="0" cb="0"/><line nr="64" mi="0" ci="8" mb="0" cb="0"/><line nr="65" mi="0" ci="3" mb="0" cb="0"/><line nr="66" mi="0" ci="2" mb="0" cb="0"/><counter type="INSTRUCTION" missed="12" covered="126"/><counter type="BRANCH" missed="0" covered="4"/><counter type="LINE" missed="5" covered="24"/><counter type="COMPLEXITY" missed="1" covered="7"/><counter type="METHOD" missed="1" covered="5"/><counter type="CLASS" missed="0" covered="1"/></sourcefile><sourcefile name="RiskScore.java"><line nr="25" mi="0" ci="3" mb="0" cb="0"/><line nr="26" mi="0" ci="2" mb="0" cb="0"/><line nr="27" mi="0" ci="2" mb="0" cb="0"/><line nr="28" mi="0" ci="1" mb="0" cb="0"/><line nr="29" mi="0" ci="3" mb="0" cb="0"/><line nr="30" mi="0" ci="2" mb="0" cb="0"/><line nr="31" mi="0" ci="1" mb="0" cb="0"/><line nr="32" mi="0" ci="2" mb="0" cb="0"/><line nr="33" mi="0" ci="1" mb="0" cb="0"/><line nr="38" mi="0" ci="8" mb="0" cb="2"/><line nr="43" mi="0" ci="12" mb="0" cb="4"/><line nr="47" mi="0" ci="3" mb="0" cb="0"/><line nr="48" mi="0" ci="2" mb="0" cb="0"/><line nr="49" mi="0" ci="3" mb="0" cb="0"/><line nr="50" mi="0" ci="3" mb="0" cb="0"/><line nr="51" mi="0" ci="10" mb="0" cb="0"/><line nr="52" mi="0" ci="13" mb="0" cb="2"/><line nr="53" mi="0" ci="7" mb="0" cb="4"/><line nr="54" mi="0" ci="6" mb="0" cb="2"/><line nr="55" mi="0" ci="3" mb="0" cb="0"/><line nr="56" mi="0" ci="2" mb="0" cb="0"/><line nr="57" mi="0" ci="2" mb="0" cb="0"/><line nr="58" mi="0" ci="2" mb="0" cb="0"/><line nr="59" mi="0" ci="2" mb="0" cb="0"/><line nr="60" mi="0" ci="2" mb="0" cb="0"/><line nr="61" mi="0" ci="1" mb="0" cb="0"/><line nr="62" mi="0" ci="2" mb="0" cb="0"/><line nr="63" mi="0" ci="1" mb="0" cb="0"/><counter type="INSTRUCTION" missed="0" covered="101"/><counter type="BRANCH" missed="0" covered="14"/><counter type="LINE" missed="0" covered="28"/><counter type="COMPLEXITY" missed="0" covered="13"/><counter type="METHOD" missed="0" covered="6"/><counter type="CLASS" missed="0" covered="1"/></sourcefile><sourcefile name="RiskRuleRegistry.java"><line nr="15" mi="0" ci="2" mb="0" cb="0"/><line nr="17" mi="0" ci="5" mb="0" cb="0"/><line nr="18" mi="0" ci="5" mb="0" cb="0"/><line nr="19" mi="0" ci="5" mb="0" cb="0"/><line nr="20" mi="0" ci="5" mb="0" cb="0"/><line nr="21" mi="0" ci="6" mb="0" cb="0"/><line nr="23" mi="0" ci="12" mb="0" cb="0"/><line nr="24" mi="0" ci="8" mb="0" cb="0"/><line nr="26" mi="0" ci="5" mb="0" cb="2"/><line nr="27" mi="0" ci="8" mb="0" cb="2"/><line nr="29" mi="0" ci="8" mb="0" cb="0"/><line nr="31" mi="0" ci="12" mb="1" cb="3"/><line nr="33" mi="0" ci="8" mb="0" cb="0"/><line nr="35" mi="0" ci="5" mb="1" cb="1"/><line nr="36" mi="0" ci="5" mb="0" cb="2"/><line nr="37" mi="0" ci="8" mb="0" cb="2"/><line nr="39" mi="0" ci="8" mb="0" cb="0"/><line nr="41" mi="0" ci="6" mb="0" cb="2"/><line nr="42" mi="0" ci="3" mb="1" cb="1"/><line nr="43" mi="0" ci="7" mb="0" cb="2"/><line nr="45" mi="0" ci="8" mb="0" cb="0"/><line nr="47" mi="0" ci="6" mb="0" cb="2"/><line nr="48" mi="0" ci="3" mb="1" cb="1"/><line nr="49" mi="0" ci="7" mb="0" cb="2"/><line nr="51" mi="0" ci="8" mb="0" cb="0"/><line nr="53" mi="0" ci="5" mb="1" cb="1"/><line nr="54" mi="0" ci="5" mb="0" cb="2"/><line nr="55" mi="0" ci="9" mb="0" cb="4"/><line nr="57" mi="0" ci="2" mb="0" cb="0"/><line nr="59" mi="0" ci="6" mb="0" cb="2"/><line nr="60" mi="0" ci="4" mb="0" cb="2"/><line nr="61" mi="0" ci="4" mb="1" cb="1"/><line nr="62" mi="0" ci="9" mb="0" cb="4"/><line nr="66" mi="0" ci="5" mb="0" cb="0"/><line nr="70" mi="0" ci="3" mb="0" cb="0"/><line nr="75" mi="0" ci="11" mb="0" cb="2"/><line nr="76" mi="0" ci="4" mb="0" cb="0"/><line nr="77" mi="0" ci="2" mb="0" cb="0"/><line nr="78" mi="0" ci="2" mb="0" cb="0"/><line nr="79" mi="0" ci="1" mb="0" cb="0"/><line nr="80" mi="0" ci="1" mb="0" cb="0"/><line nr="81" mi="0" ci="1" mb="0" cb="0"/><line nr="82" mi="0" ci="4" mb="0" cb="0"/><counter type="INSTRUCTION" missed="0" covered="241"/><counter type="BRANCH" missed="6" covered="40"/><counter type="LINE" missed="0" covered="43"/><counter type="COMPLEXITY" missed="6" covered="30"/><counter type="METHOD" missed="0" covered="13"/><counter type="CLASS" missed="0" covered="1"/></sourcefile><sourcefile name="RiskFinding.java"/><sourcefile name="RiskRule.java"/><counter type="INSTRUCTION" missed="12" covered="519"/><counter type="BRANCH" missed="6" covered="60"/><counter type="LINE" missed="5" covered="105"/><counter type="COMPLEXITY" missed="7" covered="55"/><counter type="METHOD" missed="1" covered="28"/><counter type="CLASS" missed="0" covered="4"/></package><package name="com/fintrack/transaction/repository"><class name="com/fintrack/transaction/repository/TransactionRepository" sourcefilename="TransactionRepository.java"/><class name="com/fintrack/transaction/repository/FeeAuditRepository" sourcefilename="FeeAuditRepository.java"/><sourcefile name="FeeAuditRepository.java"/><sourcefile name="TransactionRepository.java"/></package><package name="com/fintrack/transaction/mapper"><class name="com/fintrack/transaction/mapper/TransactionMapperImpl" sourcefilename="TransactionMapperImpl.java"><method name="&lt;init&gt;" desc="()V" line="14"><counter type="INSTRUCTION" missed="3" covered="0"/><counter type="LINE" missed="1" covered="0"/><counter type="COMPLEXITY" missed="1" covered="0"/><counter type="METHOD" missed="1" covered="0"/></method><method name="toResponse" desc="(Lcom/fintrack/transaction/entity/Transaction;)Lcom/fintrack/transaction/dto/TransactionResponse;" line="18"><counter type="INSTRUCTION" missed="69" covered="0"/><counter type="BRANCH" missed="2" covered="0"/><counter type="LINE" missed="16" covered="0"/><counter type="COMPLEXITY" missed="2" covered="0"/><counter type="METHOD" missed="1" covered="0"/></method><counter type="INSTRUCTION" missed="72" covered="0"/><counter type="BRANCH" missed="2" covered="0"/><counter type="LINE" missed="17" covered="0"/><counter type="COMPLEXITY" missed="3" covered="0"/><counter type="METHOD" missed="2" covered="0"/><counter type="CLASS" missed="1" covered="0"/></class><class name="com/fintrack/transaction/mapper/TransactionMapper" sourcefilename="TransactionMapper.java"/><sourcefile name="TransactionMapperImpl.java"><line nr="14" mi="3" ci="0" mb="0" cb="0"/><line nr="18" mi="2" ci="0" mb="2" cb="0"/><line nr="19" mi="2" ci="0" mb="0" cb="0"/><line nr="22" mi="2" ci="0" mb="0" cb="0"/><line nr="24" mi="5" ci="0" mb="0" cb="0"/><line nr="25" mi="5" ci="0" mb="0" cb="0"/><line nr="26" mi="5" ci="0" mb="0" cb="0"/><line nr="27" mi="5" ci="0" mb="0" cb="0"/><line nr="28" mi="5" ci="0" mb="0" cb="0"/><line nr="29" mi="5" ci="0" mb="0" cb="0"/><line nr="30" mi="5" ci="0" mb="0" cb="0"/><line nr="31" mi="5" ci="0" mb="0" cb="0"/><line nr="32" mi="5" ci="0" mb="0" cb="0"/><line nr="33" mi="5" ci="0" mb="0" cb="0"/><line nr="34" mi="5" ci="0" mb="0" cb="0"/><line nr="35" mi="5" ci="0" mb="0" cb="0"/><line nr="37" mi="3" ci="0" mb="0" cb="0"/><counter type="INSTRUCTION" missed="72" covered="0"/><counter type="BRANCH" missed="2" covered="0"/><counter type="LINE" missed="17" covered="0"/><counter type="COMPLEXITY" missed="3" covered="0"/><counter type="METHOD" missed="2" covered="0"/><counter type="CLASS" missed="1" covered="0"/></sourcefile><sourcefile name="TransactionMapper.java"/><counter type="INSTRUCTION" missed="72" covered="0"/><counter type="BRANCH" missed="2" covered="0"/><counter type="LINE" missed="17" covered="0"/><counter type="COMPLEXITY" missed="3" covered="0"/><counter type="METHOD" missed="2" covered="0"/><counter type="CLASS" missed="1" covered="0"/></package><package name="com/fintrack/transaction/service"><class name="com/fintrack/transaction/service/TransactionService" sourcefilename="TransactionService.java"><method name="create" desc="(Lcom/fintrack/transaction/dto/CreateTransactionRequest;)Lcom/fintrack/transaction/dto/TransactionResponse;" line="94"><counter type="INSTRUCTION" missed="2" covered="106"/><counter type="BRANCH" missed="1" covered="1"/><counter type="LINE" missed="0" covered="28"/><counter type="COMPLEXITY" missed="1" covered="1"/><counter type="METHOD" missed="0" covered="1"/></method><method name="findByUuid" desc="(Ljava/lang/String;)Lcom/fintrack/transaction/dto/TransactionResponse;" line="130"><counter type="INSTRUCTION" missed="0" covered="14"/><counter type="LINE" missed="0" covered="3"/><counter type="COMPLEXITY" missed="0" covered="1"/><counter type="METHOD" missed="0" covered="1"/></method><method name="findByAccount" desc="(Ljava/lang/String;Lorg/springframework/data/domain/Pageable;)Lorg/springframework/data/domain/Page;" line="137"><counter type="INSTRUCTION" missed="0" covered="14"/><counter type="LINE" missed="0" covered="2"/><counter type="COMPLEXITY" missed="0" covered="1"/><counter type="METHOD" missed="0" covered="1"/></method><method name="markDebited" desc="(Ljava/lang/String;)V" line="145"><counter type="INSTRUCTION" missed="0" covered="32"/><counter type="BRANCH" missed="0" covered="4"/><counter type="LINE" missed="0" covered="8"/><counter type="COMPLEXITY" missed="0" covered="3"/><counter type="METHOD" missed="0" covered="1"/></method><method name="complete" desc="(Lcom/fintrack/transaction/entity/Transaction;)V" line="160"><counter type="INSTRUCTION" missed="0" covered="125"/><counter type="BRANCH" missed="0" covered="4"/><counter type="LINE" missed="0" covered="38"/><counter type="COMPLEXITY" missed="0" covered="3"/><counter type="METHOD" missed="0" covered="1"/></method><method name="markFailed" desc="(Ljava/lang/String;Ljava/lang/String;Ljava/lang/String;Z)V" line="210"><counter type="INSTRUCTION" missed="0" covered="87"/><counter type="BRANCH" missed="0" covered="4"/><counter type="LINE" missed="0" covered="21"/><counter type="COMPLEXITY" missed="0" covered="3"/><counter type="METHOD" missed="0" covered="1"/></method><method name="markCompensated" desc="(Ljava/lang/String;Ljava/lang/String;Ljava/lang/String;)V" line="238"><counter type="INSTRUCTION" missed="0" covered="24"/><counter type="LINE" missed="0" covered="6"/><counter type="COMPLEXITY" missed="0" covered="1"/><counter type="METHOD" missed="0" covered="1"/></method><method name="lookup" desc="(Ljava/lang/String;)Lcom/fintrack/transaction/entity/Transaction;" line="246"><counter type="INSTRUCTION" missed="0" covered="9"/><counter type="LINE" missed="0" covered="2"/><counter type="COMPLEXITY" missed="0" covered="1"/><counter type="METHOD" missed="0" covered="1"/></method><method name="publishRiskAssessed" desc="(Lcom/fintrack/transaction/entity/Transaction;Lcom/fintrack/transaction/risk/RiskScore;)V" line="251"><counter type="INSTRUCTION" missed="0" covered="76"/><counter type="LINE" missed="0" covered="18"/><counter type="COMPLEXITY" missed="0" covered="1"/><counter type="METHOD" missed="0" covered="1"/></method><method name="topFindingReason" desc="(Lcom/fintrack/transaction/risk/RiskScore;)Ljava/lang/String;" line="271"><counter type="INSTRUCTION" missed="0" covered="12"/><counter type="LINE" missed="0" covered="4"/><counter type="COMPLEXITY" missed="0" covered="1"/><counter type="METHOD" missed="0" covered="1"/></method><method name="publishInitiated" desc="(Lcom/fintrack/transaction/entity/Transaction;)V" line="278"><counter type="INSTRUCTION" missed="0" covered="40"/><counter type="LINE" missed="0" covered="13"/><counter type="COMPLEXITY" missed="0" covered="1"/><counter type="METHOD" missed="0" covered="1"/></method><method name="validate" desc="(Lcom/fintrack/transaction/dto/CreateTransactionRequest;)V" line="293"><counter type="INSTRUCTION" missed="0" covered="32"/><counter type="BRANCH" missed="1" covered="7"/><counter type="LINE" missed="0" covered="6"/><counter type="COMPLEXITY" missed="1" covered="4"/><counter type="METHOD" missed="0" covered="1"/></method><method name="isWeekend" desc="()Z" line="307"><counter type="INSTRUCTION" missed="2" covered="11"/><counter type="BRANCH" missed="2" covered="2"/><counter type="LINE" missed="0" covered="2"/><counter type="COMPLEXITY" missed="2" covered="1"/><counter type="METHOD" missed="0" covered="1"/></method><method name="lambda$topFindingReason$2" desc="(Lcom/fintrack/transaction/risk/RiskFinding;)I" line="272"><counter type="INSTRUCTION" missed="4" covered="0"/><counter type="LINE" missed="1" covered="0"/><counter type="COMPLEXITY" missed="1" covered="0"/><counter type="METHOD" missed="1" covered="0"/></method><method name="lambda$lookup$1" desc="(Ljava/lang/String;)Lcom/fintrack/transaction/exception/TransactionNotFoundException;" line="247"><counter type="INSTRUCTION" missed="0" covered="5"/><counter type="LINE" missed="0" covered="1"/><counter type="COMPLEXITY" missed="0" covered="1"/><counter type="METHOD" missed="0" covered="1"/></method><method name="lambda$findByUuid$0" desc="(Ljava/lang/String;)Lcom/fintrack/transaction/exception/TransactionNotFoundException;" line="131"><counter type="INSTRUCTION" missed="0" covered="5"/><counter type="LINE" missed="0" covered="1"/><counter type="COMPLEXITY" missed="0" covered="1"/><counter type="METHOD" missed="0" covered="1"/></method><method name="&lt;clinit&gt;" desc="()V" line="60"><counter type="INSTRUCTION" missed="0" covered="4"/><counter type="LINE" missed="0" covered="1"/><counter type="COMPLEXITY" missed="0" covered="1"/><counter type="METHOD" missed="0" covered="1"/></method><counter type="INSTRUCTION" missed="8" covered="596"/><counter type="BRANCH" missed="4" covered="22"/><counter type="LINE" missed="0" covered="152"/><counter type="COMPLEXITY" missed="5" covered="25"/><counter type="METHOD" missed="1" covered="16"/><counter type="CLASS" missed="0" covered="1"/></class><class name="com/fintrack/transaction/service/FeeService" sourcefilename="FeeService.java"><method name="quote" desc="(Lcom/fintrack/transaction/strategy/fee/FeeCalculationContext;)Lcom/fintrack/transaction/dto/FeeQuote;" line="29"><counter type="INSTRUCTION" missed="0" covered="30"/><counter type="LINE" missed="0" covered="9"/><counter type="COMPLEXITY" missed="0" covered="1"/><counter type="METHOD" missed="0" covered="1"/></method><method name="computeAndAudit" desc="(Ljava/lang/String;Lcom/fintrack/transaction/strategy/fee/FeeCalculationContext;)Lcom/fintrack/transaction/dto/FeeQuote;" line="43"><counter type="INSTRUCTION" missed="0" covered="42"/><counter type="LINE" missed="0" covered="9"/><counter type="COMPLEXITY" missed="0" covered="1"/><counter type="METHOD" missed="0" covered="1"/></method><method name="isWeekend" desc="()Z" line="55"><counter type="INSTRUCTION" missed="2" covered="11"/><counter type="BRANCH" missed="2" covered="2"/><counter type="LINE" missed="0" covered="2"/><counter type="COMPLEXITY" missed="2" covered="1"/><counter type="METHOD" missed="0" covered="1"/></method><method name="&lt;clinit&gt;" desc="()V" line="18"><counter type="INSTRUCTION" missed="0" covered="4"/><counter type="LINE" missed="0" covered="1"/><counter type="COMPLEXITY" missed="0" covered="1"/><counter type="METHOD" missed="0" covered="1"/></method><counter type="INSTRUCTION" missed="2" covered="87"/><counter type="BRANCH" missed="2" covered="2"/><counter type="LINE" missed="0" covered="21"/><counter type="COMPLEXITY" missed="2" covered="4"/><counter type="METHOD" missed="0" covered="4"/><counter type="CLASS" missed="0" covered="1"/></class><sourcefile name="TransactionService.java"><line nr="60" mi="0" ci="4" mb="0" cb="0"/><line nr="94" mi="0" ci="3" mb="0" cb="0"/><line nr="96" mi="0" ci="2" mb="0" cb="0"/><line nr="97" mi="0" ci="3" mb="0" cb="0"/><line nr="98" mi="0" ci="3" mb="0" cb="0"/><line nr="99" mi="0" ci="3" mb="0" cb="0"/><line nr="100" mi="0" ci="3" mb="0" cb="0"/><line nr="101" mi="0" ci="3" mb="0" cb="0"/><line nr="102" mi="2" ci="6" mb="1" cb="1"/><line nr="103" mi="0" ci="2" mb="0" cb="0"/><line nr="104" mi="0" ci="2" mb="0" cb="0"/><line nr="106" mi="0" ci="3" mb="0" cb="0"/><line nr="107" mi="0" ci="6" mb="0" cb="0"/><line nr="109" mi="0" ci="2" mb="0" cb="0"/><line nr="110" mi="0" ci="2" mb="0" cb="0"/><line nr="111" mi="0" ci="3" mb="0" cb="0"/><line nr="112" mi="0" ci="3" mb="0" cb="0"/><line nr="113" mi="0" ci="3" mb="0" cb="0"/><line nr="114" mi="0" ci="3" mb="0" cb="0"/><line nr="115" mi="0" ci="3" mb="0" cb="0"/><line nr="116" mi="0" ci="3" mb="0" cb="0"/><line nr="117" mi="0" ci="3" mb="0" cb="0"/><line nr="118" mi="0" ci="1" mb="0" cb="0"/><line nr="119" mi="0" ci="2" mb="0" cb="0"/><line nr="120" mi="0" ci="6" mb="0" cb="0"/><line nr="121" mi="0" ci="3" mb="0" cb="0"/><line nr="122" mi="0" ci="8" mb="0" cb="0"/><line nr="123" mi="0" ci="17" mb="0" cb="0"/><line nr="124" mi="0" ci="5" mb="0" cb="0"/><line nr="130" mi="0" ci="6" mb="0" cb="0"/><line nr="131" mi="0" ci="8" mb="0" cb="0"/><line nr="132" mi="0" ci="5" mb="0" cb="0"/><line nr="137" mi="0" ci="10" mb="0" cb="0"/><line nr="138" mi="0" ci="4" mb="0" cb="0"/><line nr="145" mi="0" ci="4" mb="0" cb="0"/><line nr="146" mi="0" ci="8" mb="0" cb="4"/><line nr="147" mi="0" ci="6" mb="0" cb="0"/><line nr="148" mi="0" ci="1" mb="0" cb="0"/><line nr="150" mi="0" ci="3" mb="0" cb="0"/><line nr="151" mi="0" ci="5" mb="0" cb="0"/><line nr="152" mi="0" ci="4" mb="0" cb="0"/><line nr="153" mi="0" ci="1" mb="0" cb="0"/><line nr="160" mi="0" ci="5" mb="0" cb="0"/><line nr="161" mi="0" ci="3" mb="0" cb="2"/><line nr="162" mi="0" ci="3" mb="0" cb="0"/><line nr="163" mi="0" ci="9" mb="0" cb="0"/><line nr="165" mi="0" ci="1" mb="0" cb="0"/><line nr="168" mi="0" ci="3" mb="0" cb="0"/><line nr="169" mi="0" ci="5" mb="0" cb="0"/><line nr="171" mi="0" ci="3" mb="0" cb="2"/><line nr="172" mi="0" ci="4" mb="0" cb="0"/><line nr="175" mi="0" ci="1" mb="0" cb="0"/><line nr="176" mi="0" ci="4" mb="0" cb="0"/><line nr="177" mi="0" ci="3" mb="0" cb="0"/><line nr="178" mi="0" ci="3" mb="0" cb="0"/><line nr="179" mi="0" ci="3" mb="0" cb="0"/><line nr="180" mi="0" ci="3" mb="0" cb="0"/><line nr="181" mi="0" ci="3" mb="0" cb="0"/><line nr="182" mi="0" ci="3" mb="0" cb="0"/><line nr="183" mi="0" ci="3" mb="0" cb="0"/><line nr="184" mi="0" ci="2" mb="0" cb="0"/><line nr="185" mi="0" ci="2" mb="0" cb="0"/><line nr="186" mi="0" ci="9" mb="0" cb="0"/><line nr="188" mi="0" ci="1" mb="0" cb="0"/><line nr="189" mi="0" ci="4" mb="0" cb="0"/><line nr="190" mi="0" ci="3" mb="0" cb="0"/><line nr="191" mi="0" ci="3" mb="0" cb="0"/><line nr="192" mi="0" ci="2" mb="0" cb="0"/><line nr="193" mi="0" ci="2" mb="0" cb="0"/><line nr="194" mi="0" ci="3" mb="0" cb="0"/><line nr="195" mi="0" ci="2" mb="0" cb="0"/><line nr="196" mi="0" ci="3" mb="0" cb="0"/><line nr="197" mi="0" ci="3" mb="0" cb="0"/><line nr="198" mi="0" ci="3" mb="0" cb="0"/><line nr="199" mi="0" ci="2" mb="0" cb="0"/><line nr="200" mi="0" ci="2" mb="0" cb="0"/><line nr="201" mi="0" ci="2" mb="0" cb="0"/><line nr="202" mi="0" ci="9" mb="0" cb="0"/><line nr="203" mi="0" ci="5" mb="0" cb="0"/><line nr="204" mi="0" ci="1" mb="0" cb="0"/><line nr="210" mi="0" ci="4" mb="0" cb="0"/><line nr="211" mi="0" ci="9" mb="0" cb="4"/><line nr="213" mi="0" ci="3" mb="0" cb="0"/><line nr="214" mi="0" ci="5" mb="0" cb="0"/><line nr="215" mi="0" ci="5" mb="0" cb="0"/><line nr="217" mi="0" ci="1" mb="0" cb="0"/><line nr="218" mi="0" ci="4" mb="0" cb="0"/><line nr="219" mi="0" ci="3" mb="0" cb="0"/><line nr="220" mi="0" ci="3" mb="0" cb="0"/><line nr="221" mi="0" ci="3" mb="0" cb="0"/><line nr="222" mi="0" ci="3" mb="0" cb="0"/><line nr="223" mi="0" ci="3" mb="0" cb="0"/><line nr="224" mi="0" ci="3" mb="0" cb="0"/><line nr="225" mi="0" ci="2" mb="0" cb="0"/><line nr="226" mi="0" ci="2" mb="0" cb="0"/><line nr="227" mi="0" ci="1" mb="0" cb="0"/><line nr="228" mi="0" ci="2" mb="0" cb="0"/><line nr="229" mi="0" ci="2" mb="0" cb="0"/><line nr="230" mi="0" ci="9" mb="0" cb="0"/><line nr="231" mi="0" ci="19" mb="0" cb="0"/><line nr="232" mi="0" ci="1" mb="0" cb="0"/><line nr="238" mi="0" ci="4" mb="0" cb="0"/><line nr="239" mi="0" ci="3" mb="0" cb="0"/><line nr="240" mi="0" ci="5" mb="0" cb="0"/><line nr="241" mi="0" ci="5" mb="0" cb="0"/><line nr="242" mi="0" ci="6" mb="0" cb="0"/><line nr="243" mi="0" ci="1" mb="0" cb="0"/><line nr="246" mi="0" ci="7" mb="0" cb="0"/><line nr="247" mi="0" ci="7" mb="0" cb="0"/><line nr="251" mi="0" ci="4" mb="0" cb="0"/><line nr="252" mi="0" ci="1" mb="0" cb="0"/><line nr="253" mi="0" ci="4" mb="0" cb="0"/><line nr="254" mi="0" ci="1" mb="0" cb="0"/><line nr="255" mi="0" ci="4" mb="0" cb="0"/><line nr="256" mi="0" ci="3" mb="0" cb="0"/><line nr="257" mi="0" ci="4" mb="0" cb="0"/><line nr="258" mi="0" ci="4" mb="0" cb="0"/><line nr="259" mi="0" ci="4" mb="0" cb="0"/><line nr="260" mi="0" ci="4" mb="0" cb="0"/><line nr="261" mi="0" ci="2" mb="0" cb="0"/><line nr="262" mi="0" ci="2" mb="0" cb="0"/><line nr="263" mi="0" ci="2" mb="0" cb="0"/><line nr="264" mi="0" ci="2" mb="0" cb="0"/><line nr="265" mi="0" ci="9" mb="0" cb="0"/><line nr="266" mi="0" ci="8" mb="0" cb="0"/><line nr="267" mi="0" ci="17" mb="0" cb="0"/><line nr="268" mi="0" ci="1" mb="0" cb="0"/><line nr="271" mi="0" ci="5" mb="0" cb="0"/><line nr="272" mi="4" ci="3" mb="0" cb="0"/><line nr="273" mi="0" ci="2" mb="0" cb="0"/><line nr="274" mi="0" ci="2" mb="0" cb="0"/><line nr="278" mi="0" ci="1" mb="0" cb="0"/><line nr="279" mi="0" ci="4" mb="0" cb="0"/><line nr="280" mi="0" ci="3" mb="0" cb="0"/><line nr="281" mi="0" ci="3" mb="0" cb="0"/><line nr="282" mi="0" ci="3" mb="0" cb="0"/><line nr="283" mi="0" ci="3" mb="0" cb="0"/><line nr="284" mi="0" ci="3" mb="0" cb="0"/><line nr="285" mi="0" ci="3" mb="0" cb="0"/><line nr="286" mi="0" ci="3" mb="0" cb="0"/><line nr="287" mi="0" ci="2" mb="0" cb="0"/><line nr="288" mi="0" ci="2" mb="0" cb="0"/><line nr="289" mi="0" ci="9" mb="0" cb="0"/><line nr="290" mi="0" ci="1" mb="0" cb="0"/><line nr="293" mi="0" ci="9" mb="0" cb="4"/><line nr="294" mi="0" ci="5" mb="0" cb="0"/><line nr="296" mi="0" ci="6" mb="1" cb="1"/><line nr="298" mi="0" ci="3" mb="0" cb="2"/><line nr="299" mi="0" ci="8" mb="0" cb="0"/><line nr="304" mi="0" ci="1" mb="0" cb="0"/><line nr="307" mi="0" ci="3" mb="0" cb="0"/><line nr="308" mi="2" ci="8" mb="2" cb="2"/><counter type="INSTRUCTION" missed="8" covered="596"/><counter type="BRANCH" missed="4" covered="22"/><counter type="LINE" missed="0" covered="152"/><counter type="COMPLEXITY" missed="5" covered="25"/><counter type="METHOD" missed="1" covered="16"/><counter type="CLASS" missed="0" covered="1"/></sourcefile><sourcefile name="FeeService.java"><line nr="18" mi="0" ci="4" mb="0" cb="0"/><line nr="29" mi="0" ci="4" mb="0" cb="0"/><line nr="30" mi="0" ci="6" mb="0" cb="0"/><line nr="31" mi="0" ci="4" mb="0" cb="0"/><line nr="32" mi="0" ci="3" mb="0" cb="0"/><line nr="33" mi="0" ci="3" mb="0" cb="0"/><line nr="34" mi="0" ci="3" mb="0" cb="0"/><line nr="35" mi="0" ci="2" mb="0" cb="0"/><line nr="36" mi="0" ci="4" mb="0" cb="0"/><line nr="37" mi="0" ci="1" mb="0" cb="0"/><line nr="43" mi="0" ci="4" mb="0" cb="0"/><line nr="44" mi="0" ci="6" mb="0" cb="0"/><line nr="45" mi="0" ci="2" mb="0" cb="0"/><line nr="46" mi="0" ci="3" mb="0" cb="0"/><line nr="47" mi="0" ci="3" mb="0" cb="0"/><line nr="48" mi="0" ci="2" mb="0" cb="0"/><line nr="49" mi="0" ci="1" mb="0" cb="0"/><line nr="50" mi="0" ci="19" mb="0" cb="0"/><line nr="51" mi="0" ci="2" mb="0" cb="0"/><line nr="55" mi="0" ci="3" mb="0" cb="0"/><line nr="56" mi="2" ci="8" mb="2" cb="2"/><counter type="INSTRUCTION" missed="2" covered="87"/><counter type="BRANCH" missed="2" covered="2"/><counter type="LINE" missed="0" covered="21"/><counter type="COMPLEXITY" missed="2" covered="4"/><counter type="METHOD" missed="0" covered="4"/><counter type="CLASS" missed="0" covered="1"/></sourcefile><counter type="INSTRUCTION" missed="10" covered="683"/><counter type="BRANCH" missed="6" covered="24"/><counter type="LINE" missed="0" covered="173"/><counter type="COMPLEXITY" missed="7" covered="29"/><counter type="METHOD" missed="1" covered="20"/><counter type="CLASS" missed="0" covered="2"/></package><package name="com/fintrack/transaction/exception"><class name="com/fintrack/transaction/exception/TransactionNotFoundException" sourcefilename="TransactionNotFoundException.java"><method name="&lt;init&gt;" desc="(Ljava/lang/String;)V" line="7"><counter type="INSTRUCTION" missed="0" covered="7"/><counter type="LINE" missed="0" covered="2"/><counter type="COMPLEXITY" missed="0" covered="1"/><counter type="METHOD" missed="0" covered="1"/></method><counter type="INSTRUCTION" missed="0" covered="7"/><counter type="LINE" missed="0" covered="2"/><counter type="COMPLEXITY" missed="0" covered="1"/><counter type="METHOD" missed="0" covered="1"/><counter type="CLASS" missed="0" covered="1"/></class><class name="com/fintrack/transaction/exception/InvalidTransactionException" sourcefilename="InvalidTransactionException.java"><method name="&lt;init&gt;" desc="(Ljava/lang/String;)V" line="7"><counter type="INSTRUCTION" missed="0" covered="6"/><counter type="LINE" missed="0" covered="2"/><counter type="COMPLEXITY" missed="0" covered="1"/><counter type="METHOD" missed="0" covered="1"/></method><counter type="INSTRUCTION" missed="0" covered="6"/><counter type="LINE" missed="0" covered="2"/><counter type="COMPLEXITY" missed="0" covered="1"/><counter type="METHOD" missed="0" covered="1"/><counter type="CLASS" missed="0" covered="1"/></class><class name="com/fintrack/transaction/exception/ApiError$ApiErrorBuilder" sourcefilename="ApiError.java"/><class name="com/fintrack/transaction/exception/ApiError" sourcefilename="ApiError.java"/><class name="com/fintrack/transaction/exception/ApiException" sourcefilename="ApiException.java"><method name="&lt;init&gt;" desc="(Lorg/springframework/http/HttpStatus;Ljava/lang/String;Ljava/lang/String;)V" line="12"><counter type="INSTRUCTION" missed="0" covered="10"/><counter type="LINE" missed="0" covered="4"/><counter type="COMPLEXITY" missed="0" covered="1"/><counter type="METHOD" missed="0" covered="1"/></method><counter type="INSTRUCTION" missed="0" covered="10"/><counter type="LINE" missed="0" covered="4"/><counter type="COMPLEXITY" missed="0" covered="1"/><counter type="METHOD" missed="0" covered="1"/><counter type="CLASS" missed="0" covered="1"/></class><class name="com/fintrack/transaction/exception/GlobalExceptionHandler" sourcefilename="GlobalExceptionHandler.java"><method name="&lt;init&gt;" desc="()V" line="14"><counter type="INSTRUCTION" missed="0" covered="3"/><counter type="LINE" missed="0" covered="1"/><counter type="COMPLEXITY" missed="0" covered="1"/><counter type="METHOD" missed="0" covered="1"/></method><method name="handleApi" desc="(Lcom/fintrack/transaction/exception/ApiException;Ljakarta/servlet/http/HttpServletRequest;)Lorg/springframework/http/ResponseEntity;" line="18"><counter type="INSTRUCTION" missed="0" covered="42"/><counter type="LINE" missed="0" covered="8"/><counter type="COMPLEXITY" missed="0" covered="1"/><counter type="METHOD" missed="0" covered="1"/></method><method name="handleAny" desc="(Ljava/lang/Exception;Ljakarta/servlet/http/HttpServletRequest;)Lorg/springframework/http/ResponseEntity;" line="30"><counter type="INSTRUCTION" missed="0" covered="22"/><counter type="LINE" missed="0" covered="8"/><counter type="COMPLEXITY" missed="0" covered="1"/><counter type="METHOD" missed="0" covered="1"/></method><method name="&lt;clinit&gt;" desc="()V" line="12"><counter type="INSTRUCTION" missed="0" covered="4"/><counter type="LINE" missed="0" covered="1"/><counter type="COMPLEXITY" missed="0" covered="1"/><counter type="METHOD" missed="0" covered="1"/></method><counter type="INSTRUCTION" missed="0" covered="71"/><counter type="LINE" missed="0" covered="18"/><counter type="COMPLEXITY" missed="0" covered="4"/><counter type="METHOD" missed="0" covered="4"/><counter type="CLASS" missed="0" covered="1"/></class><sourcefile name="ApiException.java"><line nr="12" mi="0" ci="3" mb="0" cb="0"/><line nr="13" mi="0" ci="3" mb="0" cb="0"/><line nr="14" mi="0" ci="3" mb="0" cb="0"/><line nr="15" mi="0" ci="1" mb="0" cb="0"/><counter type="INSTRUCTION" missed="0" covered="10"/><counter type="LINE" missed="0" covered="4"/><counter type="COMPLEXITY" missed="0" covered="1"/><counter type="METHOD" missed="0" covered="1"/><counter type="CLASS" missed="0" covered="1"/></sourcefile><sourcefile name="InvalidTransactionException.java"><line nr="7" mi="0" ci="5" mb="0" cb="0"/><line nr="8" mi="0" ci="1" mb="0" cb="0"/><counter type="INSTRUCTION" missed="0" covered="6"/><counter type="LINE" missed="0" covered="2"/><counter type="COMPLEXITY" missed="0" covered="1"/><counter type="METHOD" missed="0" covered="1"/><counter type="CLASS" missed="0" covered="1"/></sourcefile><sourcefile name="TransactionNotFoundException.java"><line nr="7" mi="0" ci="6" mb="0" cb="0"/><line nr="8" mi="0" ci="1" mb="0" cb="0"/><counter type="INSTRUCTION" missed="0" covered="7"/><counter type="LINE" missed="0" covered="2"/><counter type="COMPLEXITY" missed="0" covered="1"/><counter type="METHOD" missed="0" covered="1"/><counter type="CLASS" missed="0" covered="1"/></sourcefile><sourcefile name="GlobalExceptionHandler.java"><line nr="12" mi="0" ci="4" mb="0" cb="0"/><line nr="14" mi="0" ci="3" mb="0" cb="0"/><line nr="18" mi="0" ci="20" mb="0" cb="0"/><line nr="19" mi="0" ci="6" mb="0" cb="0"/><line nr="20" mi="0" ci="3" mb="0" cb="0"/><line nr="21" mi="0" ci="4" mb="0" cb="0"/><line nr="22" mi="0" ci="3" mb="0" cb="0"/><line nr="23" mi="0" ci="3" mb="0" cb="0"/><line nr="24" mi="0" ci="2" mb="0" cb="0"/><line nr="25" mi="0" ci="1" mb="0" cb="0"/><line nr="30" mi="0" ci="4" mb="0" cb="0"/><line nr="31" mi="0" ci="5" mb="0" cb="0"/><line nr="32" mi="0" ci="3" mb="0" cb="0"/><line nr="33" mi="0" ci="3" mb="0" cb="0"/><line nr="34" mi="0" ci="2" mb="0" cb="0"/><line nr="35" mi="0" ci="2" mb="0" cb="0"/><line nr="36" mi="0" ci="2" mb="0" cb="0"/><line nr="37" mi="0" ci="1" mb="0" cb="0"/><counter type="INSTRUCTION" missed="0" covered="71"/><counter type="LINE" missed="0" covered="18"/><counter type="COMPLEXITY" missed="0" covered="4"/><counter type="METHOD" missed="0" covered="4"/><counter type="CLASS" missed="0" covered="1"/></sourcefile><sourcefile name="ApiError.java"/><counter type="INSTRUCTION" missed="0" covered="94"/><counter type="LINE" missed="0" covered="26"/><counter type="COMPLEXITY" missed="0" covered="7"/><counter type="METHOD" missed="0" covered="7"/><counter type="CLASS" missed="0" covered="4"/></package><package name="com/fintrack/transaction/messaging"><class name="com/fintrack/transaction/messaging/MessagingStrategyRegistry" sourcefilename="MessagingStrategyRegistry.java"><method name="&lt;init&gt;" desc="(Ljava/util/List;Ljava/lang/String;)V" line="21"><counter type="INSTRUCTION" missed="0" covered="15"/><counter type="LINE" missed="0" covered="5"/><counter type="COMPLEXITY" missed="0" covered="1"/><counter type="METHOD" missed="0" covered="1"/></method><method name="verify" desc="()V" line="29"><counter type="INSTRUCTION" missed="0" covered="26"/><counter type="BRANCH" missed="0" covered="2"/><counter type="LINE" missed="0" covered="5"/><counter type="COMPLEXITY" missed="0" covered="2"/><counter type="METHOD" missed="0" covered="1"/></method><method name="active" desc="()Lcom/fintrack/transaction/messaging/MessagingStrategy;" line="36"><counter type="INSTRUCTION" missed="0" covered="7"/><counter type="LINE" missed="0" covered="1"/><counter type="COMPLEXITY" missed="0" covered="1"/><counter type="METHOD" missed="0" covered="1"/></method><method name="&lt;clinit&gt;" desc="()V" line="13"><counter type="INSTRUCTION" missed="0" covered="4"/><counter type="LINE" missed="0" covered="1"/><counter type="COMPLEXITY" missed="0" covered="1"/><counter type="METHOD" missed="0" covered="1"/></method><counter type="INSTRUCTION" missed="0" covered="52"/><counter type="BRANCH" missed="0" covered="2"/><counter type="LINE" missed="0" covered="12"/><counter type="COMPLEXITY" missed="0" covered="5"/><counter type="METHOD" missed="0" covered="4"/><counter type="CLASS" missed="0" covered="1"/></class><class name="com/fintrack/transaction/messaging/KafkaMessagingStrategy" sourcefilename="KafkaMessagingStrategy.java"><method name="brokerName" desc="()Ljava/lang/String;" line="14"><counter type="INSTRUCTION" missed="2" covered="0"/><counter type="LINE" missed="1" covered="0"/><counter type="COMPLEXITY" missed="1" covered="0"/><counter type="METHOD" missed="1" covered="0"/></method><method name="publish" desc="(Ljava/lang/String;Ljava/lang/String;Ljava/lang/Object;)V" line="18"><counter type="INSTRUCTION" missed="13" covered="0"/><counter type="LINE" missed="3" covered="0"/><counter type="COMPLEXITY" missed="1" covered="0"/><counter type="METHOD" missed="1" covered="0"/></method><method name="&lt;clinit&gt;" desc="()V" line="8"><counter type="INSTRUCTION" missed="4" covered="0"/><counter type="LINE" missed="1" covered="0"/><counter type="COMPLEXITY" missed="1" covered="0"/><counter type="METHOD" missed="1" covered="0"/></method><counter type="INSTRUCTION" missed="19" covered="0"/><counter type="LINE" missed="5" covered="0"/><counter type="COMPLEXITY" missed="3" covered="0"/><counter type="METHOD" missed="3" covered="0"/><counter type="CLASS" missed="1" covered="0"/></class><class name="com/fintrack/transaction/messaging/RabbitMqMessagingStrategy" sourcefilename="RabbitMqMessagingStrategy.java"><method name="&lt;init&gt;" desc="(Lorg/springframework/amqp/rabbit/core/RabbitTemplate;Ljava/lang/String;)V" line="18"><counter type="INSTRUCTION" missed="9" covered="0"/><counter type="LINE" missed="4" covered="0"/><counter type="COMPLEXITY" missed="1" covered="0"/><counter type="METHOD" missed="1" covered="0"/></method><method name="brokerName" desc="()Ljava/lang/String;" line="23"><counter type="INSTRUCTION" missed="2" covered="0"/><counter type="LINE" missed="1" covered="0"/><counter type="COMPLEXITY" missed="1" covered="0"/><counter type="METHOD" missed="1" covered="0"/></method><method name="publish" desc="(Ljava/lang/String;Ljava/lang/String;Ljava/lang/Object;)V" line="27"><counter type="INSTRUCTION" missed="14" covered="0"/><counter type="LINE" missed="3" covered="0"/><counter type="COMPLEXITY" missed="1" covered="0"/><counter type="METHOD" missed="1" covered="0"/></method><method name="&lt;clinit&gt;" desc="()V" line="8"><counter type="INSTRUCTION" missed="4" covered="0"/><counter type="LINE" missed="1" covered="0"/><counter type="COMPLEXITY" missed="1" covered="0"/><counter type="METHOD" missed="1" covered="0"/></method><counter type="INSTRUCTION" missed="29" covered="0"/><counter type="LINE" missed="9" covered="0"/><counter type="COMPLEXITY" missed="4" covered="0"/><counter type="METHOD" missed="4" covered="0"/><counter type="CLASS" missed="1" covered="0"/></class><class name="com/fintrack/transaction/messaging/MessagingStrategy" sourcefilename="MessagingStrategy.java"/><sourcefile name="MessagingStrategy.java"/><sourcefile name="KafkaMessagingStrategy.java"><line nr="8" mi="4" ci="0" mb="0" cb="0"/><line nr="14" mi="2" ci="0" mb="0" cb="0"/><line nr="18" mi="5" ci="0" mb="0" cb="0"/><line nr="19" mi="7" ci="0" mb="0" cb="0"/><line nr="20" mi="1" ci="0" mb="0" cb="0"/><counter type="INSTRUCTION" missed="19" covered="0"/><counter type="LINE" missed="5" covered="0"/><counter type="COMPLEXITY" missed="3" covered="0"/><counter type="METHOD" missed="3" covered="0"/><counter type="CLASS" missed="1" covered="0"/></sourcefile><sourcefile name="RabbitMqMessagingStrategy.java"><line nr="8" mi="4" ci="0" mb="0" cb="0"/><line nr="18" mi="2" ci="0" mb="0" cb="0"/><line nr="19" mi="3" ci="0" mb="0" cb="0"/><line nr="20" mi="3" ci="0" mb="0" cb="0"/><line nr="21" mi="1" ci="0" mb="0" cb="0"/><line nr="23" mi="2" ci="0" mb="0" cb="0"/><line nr="27" mi="6" ci="0" mb="0" cb="0"/><line nr="28" mi="7" ci="0" mb="0" cb="0"/><line nr="29" mi="1" ci="0" mb="0" cb="0"/><counter type="INSTRUCTION" missed="29" covered="0"/><counter type="LINE" missed="9" covered="0"/><counter type="COMPLEXITY" missed="4" covered="0"/><counter type="METHOD" missed="4" covered="0"/><counter type="CLASS" missed="1" covered="0"/></sourcefile><sourcefile name="MessagingStrategyRegistry.java"><line nr="13" mi="0" ci="4" mb="0" cb="0"/><line nr="21" mi="0" ci="2" mb="0" cb="0"/><line nr="22" mi="0" ci="4" mb="0" cb="0"/><line nr="23" mi="0" ci="5" mb="0" cb="0"/><line nr="24" mi="0" ci="3" mb="0" cb="0"/><line nr="25" mi="0" ci="1" mb="0" cb="0"/><line nr="29" mi="0" ci="6" mb="0" cb="2"/><line nr="30" mi="0" ci="6" mb="0" cb="0"/><line nr="31" mi="0" ci="5" mb="0" cb="0"/><line nr="33" mi="0" ci="8" mb="0" cb="0"/><line nr="34" mi="0" ci="1" mb="0" cb="0"/><line nr="36" mi="0" ci="7" mb="0" cb="0"/><counter type="INSTRUCTION" missed="0" covered="52"/><counter type="BRANCH" missed="0" covered="2"/><counter type="LINE" missed="0" covered="12"/><counter type="COMPLEXITY" missed="0" covered="5"/><counter type="METHOD" missed="0" covered="4"/><counter type="CLASS" missed="0" covered="1"/></sourcefile><counter type="INSTRUCTION" missed="48" covered="52"/><counter type="BRANCH" missed="0" covered="2"/><counter type="LINE" missed="14" covered="12"/><counter type="COMPLEXITY" missed="7" covered="5"/><counter type="METHOD" missed="7" covered="4"/><counter type="CLASS" missed="2" covered="1"/></package><counter type="INSTRUCTION" missed="352" covered="1670"/><counter type="BRANCH" missed="20" covered="106"/><counter type="LINE" missed="73" covered="390"/><counter type="COMPLEXITY" missed="40" covered="140"/><counter type="METHOD" missed="23" covered="94"/><counter type="CLASS" missed="8" covered="19"/></report>